PRT1
48
147
4 0 12 (560 444 16 ) (560 444 688 ) (320 444 688 ) (320 444 16 ) 
4 0 9 (320 444 16 ) (320 444 328 ) (320 890 328 ) (320 890 16 ) 
4 0 4 (320 444 328 ) (320 444 688 ) (320 890 688 ) (320 890 328 ) 
4 0 1 (320 1268 688 ) (320 1272 688 ) (320 1272 16 ) (320 1268 16 ) 
4 0 2 (320 890 688 ) (320 1108 688 ) (320 1108 16 ) (320 890 16 ) 
4 1 3 (208 1272 688 ) (208 1272 16 ) (208 1268 16 ) (208 1268 688 ) 
4 2 9 (320 890 16 ) (320 890 328 ) (208 890 328 ) (208 890 16 ) 
4 2 4 (320 890 328 ) (320 890 688 ) (208 890 688 ) (208 890 328 ) 
4 2 3 (208 1108 16 ) (208 890 16 ) (208 890 688 ) (208 1108 688 ) 
4 3 32 (-312 1272 17 ) (-312 1272 16 ) (-312 890 16 ) (-312 890 17 ) 
4 3 31 (-312 1272 140 ) (-312 1272 17 ) (-312 890 17 ) (-312 890 140 ) 
4 3 30 (-312 1272 328 ) (-312 1272 140 ) (-312 890 140 ) (-312 890 328 ) 
4 3 24 (-312 1272 381 ) (-312 1272 328 ) (-312 890 328 ) (-312 890 381 ) 
4 3 23 (-312 890 688 ) (-312 1272 688 ) (-312 1272 381 ) (-312 890 381 ) 
4 3 11 (-312 890 17 ) (-312 890 16 ) (172 890 16 ) (172 890 17 ) 
4 3 10 (-312 890 328 ) (-312 890 140 ) (172 890 140 ) (172 890 328 ) 
4 3 9 (172 890 16 ) (208 890 16 ) (208 890 328 ) (172 890 328 ) 
4 3 5 (-216 890 688 ) (-312 890 688 ) (-312 890 328 ) (-216 890 328 ) 
4 3 4 (208 890 688 ) (-216 890 688 ) (-216 890 328 ) (208 890 328 ) 
4 4 16 (172 444 688 ) (-216 444 688 ) (-216 444 328 ) (172 444 328 ) 
4 4 12 (320 444 328 ) (320 444 688 ) (172 444 688 ) (172 444 328 ) 
4 4 10 (172 444 328 ) (-216 444 328 ) (-216 890 328 ) (172 890 328 ) 
4 4 9 (320 444 328 ) (172 444 328 ) (172 890 328 ) (320 890 328 ) 
4 4 6 (-216 616 688 ) (-216 640 688 ) (-216 640 380 ) (-216 616 380 ) 
4 4 8 (-216 444 380 ) (-216 444 688 ) (-216 616 688 ) (-216 616 380 ) 
4 4 5 (-216 640 688 ) (-216 890 688 ) (-216 890 328 ) (-216 640 328 ) 
4 5 24 (-312 890 381 ) (-312 890 328 ) (-312 640 328 ) (-312 640 381 ) 
4 5 23 (-312 640 688 ) (-312 890 688 ) (-312 890 381 ) (-312 640 381 ) 
4 5 10 (-312 640 328 ) (-312 890 328 ) (-216 890 328 ) (-216 640 328 ) 
4 5 7 (-312 640 688 ) (-312 640 380 ) (-304 640 380 ) (-304 640 688 ) 
4 5 6 (-304 640 380 ) (-216 640 380 ) (-216 640 688 ) (-304 640 688 ) 
4 6 7 (-304 640 380 ) (-304 624 380 ) (-304 624 688 ) (-304 640 688 ) 
4 6 8 (-304 616 380 ) (-216 616 380 ) (-216 616 688 ) (-304 616 688 ) 
4 7 25 (-312 640 381 ) (-312 640 380 ) (-312 624 380 ) (-312 624 381 ) 
4 7 23 (-312 624 688 ) (-312 640 688 ) (-312 640 381 ) (-312 624 381 ) 
4 8 39 (-312 444 380 ) (-312 444 688 ) (-312 476 688 ) (-312 476 380 ) 
4 8 25 (-312 616 381 ) (-312 616 380 ) (-312 476 380 ) (-312 476 381 ) 
4 8 23 (-312 476 688 ) (-312 616 688 ) (-312 616 381 ) (-312 476 381 ) 
4 8 17 (-216 444 688 ) (-304 444 688 ) (-304 444 380 ) (-216 444 380 ) 
4 9 12 (320 444 16 ) (320 444 328 ) (172 444 328 ) (172 444 16 ) 
4 9 11 (172 890 16 ) (172 444 16 ) (172 444 17 ) (172 890 17 ) 
4 9 10 (172 444 140 ) (172 444 328 ) (172 890 328 ) (172 890 140 ) 
4 10 42 (-312 444 140 ) (-312 444 328 ) (-312 476 328 ) (-312 476 140 ) 
4 10 30 (-312 476 328 ) (-312 890 328 ) (-312 890 140 ) (-312 476 140 ) 
4 10 20 (172 444 328 ) (-312 444 328 ) (-312 444 140 ) (172 444 140 ) 
4 11 43 (-312 444 16 ) (-312 444 17 ) (-312 476 17 ) (-312 476 16 ) 
4 11 32 (-312 476 17 ) (-312 890 17 ) (-312 890 16 ) (-312 476 16 ) 
4 11 21 (-312 444 17 ) (-312 444 16 ) (172 444 16 ) (172 444 17 ) 
4 12 21 (172 444 17 ) (172 444 16 ) (172 159 16 ) (172 159 17 ) 
4 12 20 (172 444 328 ) (172 444 140 ) (172 159 140 ) (172 159 328 ) 
4 12 16 (172 444 688 ) (172 444 328 ) (172 159 328 ) (172 159 688 ) 
4 12 22 (172 159 16 ) (172 -28 16 ) (172 -28 688 ) (172 159 688 ) 
4 12 14 (172 -28 16 ) (208 -28 16 ) (208 -28 688 ) (172 -28 688 ) 
4 12 13 (320 -28 16 ) (560 -28 16 ) (560 -28 688 ) (320 -28 688 ) 
4 13 15 (320 -144 16 ) (320 -320 16 ) (320 -320 688 ) (320 -144 688 ) 
4 14 22 (172 -28 16 ) (172 -144 16 ) (172 -144 688 ) (172 -28 688 ) 
4 14 15 (172 -144 16 ) (208 -144 16 ) (208 -144 688 ) (172 -144 688 ) 
4 15 22 (172 -144 16 ) (172 -320 16 ) (172 -320 688 ) (172 -144 688 ) 
4 16 20 (-216 444 328 ) (172 444 328 ) (172 159 328 ) (-216 159 328 ) 
4 16 19 (-216 159 328 ) (-216 159 380 ) (-216 420 380 ) (-216 420 328 ) 
4 16 17 (-216 436 688 ) (-216 444 688 ) (-216 444 380 ) (-216 436 380 ) 
4 16 18 (-216 159 380 ) (-216 159 688 ) (-216 436 688 ) (-216 436 380 ) 
4 16 22 (172 159 328 ) (172 159 688 ) (-216 159 688 ) (-216 159 328 ) 
4 17 18 (-216 436 380 ) (-216 436 688 ) (-304 436 688 ) (-304 436 380 ) 
4 18 39 (-312 159 688 ) (-312 436 688 ) (-312 436 380 ) (-312 159 380 ) 
4 18 19 (-216 159 380 ) (-312 159 380 ) (-312 420 380 ) (-216 420 380 ) 
4 18 22 (-216 159 688 ) (-312 159 688 ) (-312 159 380 ) (-216 159 380 ) 
4 19 40 (-312 420 328 ) (-312 159 328 ) (-312 159 380 ) (-312 420 380 ) 
4 19 20 (-312 159 328 ) (-312 420 328 ) (-216 420 328 ) (-216 159 328 ) 
4 19 22 (-312 159 380 ) (-312 159 328 ) (-216 159 328 ) (-216 159 380 ) 
4 20 42 (-312 444 328 ) (-312 444 140 ) (-312 159 140 ) (-312 159 328 ) 
4 20 22 (172 159 140 ) (172 159 328 ) (-312 159 328 ) (-312 159 140 ) 
4 21 43 (-312 444 17 ) (-312 444 16 ) (-312 159 16 ) (-312 159 17 ) 
4 21 22 (172 159 16 ) (172 159 17 ) (-312 159 17 ) (-312 159 16 ) 
4 22 44 (-312 -320 16 ) (-312 -320 688 ) (-312 159 688 ) (-312 159 16 ) 
4 23 41 (-392 476 688 ) (-716 476 688 ) (-716 476 381 ) (-392 476 381 ) 
4 23 39 (-312 476 381 ) (-312 476 688 ) (-392 476 688 ) (-392 476 381 ) 
4 23 35 (-716 476 381 ) (-716 476 688 ) (-716 1108 688 ) (-716 1108 381 ) 
4 23 33 (-716 1224 688 ) (-716 1272 688 ) (-716 1272 381 ) (-716 1224 381 ) 
4 23 27 (-716 515 381 ) (-716 516 381 ) (-361 516 381 ) (-361 515 381 ) 
4 23 28 (-716 476 381 ) (-716 515 381 ) (-360 515 381 ) (-360 476 381 ) 
4 23 26 (-716 516 381 ) (-716 640 381 ) (-360 640 381 ) (-360 516 381 ) 
4 23 25 (-360 640 381 ) (-312 640 381 ) (-312 476 381 ) (-360 476 381 ) 
4 23 24 (-716 640 381 ) (-716 1272 381 ) (-312 1272 381 ) (-312 640 381 ) 
4 24 35 (-716 640 381 ) (-716 1108 381 ) (-716 1108 328 ) (-716 640 328 ) 
4 24 33 (-716 1224 381 ) (-716 1272 381 ) (-716 1272 328 ) (-716 1224 328 ) 
4 24 30 (-716 640 328 ) (-716 1272 328 ) (-312 1272 328 ) (-312 640 328 ) 
4 24 29 (-716 640 328 ) (-392 640 328 ) (-392 640 380 ) (-716 640 380 ) 
4 24 26 (-360 640 380 ) (-360 640 381 ) (-716 640 381 ) (-716 640 380 ) 
4 24 25 (-312 640 380 ) (-312 640 381 ) (-360 640 381 ) (-360 640 380 ) 
4 25 39 (-312 476 380 ) (-312 476 381 ) (-360 476 381 ) (-360 476 380 ) 
4 25 28 (-360 476 380 ) (-360 476 381 ) (-360 515 381 ) (-360 515 380 ) 
4 25 26 (-360 516 381 ) (-360 640 381 ) (-360 640 380 ) (-360 516 380 ) 
4 26 35 (-716 516 381 ) (-716 640 381 ) (-716 640 380 ) (-716 516 380 ) 
4 26 29 (-716 640 380 ) (-392 640 380 ) (-392 516 380 ) (-716 516 380 ) 
4 26 27 (-716 516 381 ) (-716 516 380 ) (-361 516 380 ) (-361 516 381 ) 
4 27 35 (-716 515 381 ) (-716 516 381 ) (-716 516 380 ) (-716 515 380 ) 
4 27 29 (-392 515 380 ) (-716 515 380 ) (-716 516 380 ) (-392 516 380 ) 
4 27 28 (-716 515 380 ) (-361 515 380 ) (-361 515 381 ) (-716 515 381 ) 
4 28 41 (-392 476 381 ) (-716 476 381 ) (-716 476 380 ) (-392 476 380 ) 
4 28 39 (-360 476 381 ) (-392 476 381 ) (-392 476 380 ) (-360 476 380 ) 
4 28 35 (-716 476 380 ) (-716 476 381 ) (-716 515 381 ) (-716 515 380 ) 
4 28 29 (-392 476 380 ) (-716 476 380 ) (-716 515 380 ) (-392 515 380 ) 
4 29 41 (-716 476 380 ) (-716 476 328 ) (-392 476 328 ) (-392 476 380 ) 
4 29 35 (-716 476 328 ) (-716 476 380 ) (-716 640 380 ) (-716 640 328 ) 
4 29 30 (-392 476 328 ) (-716 476 328 ) (-716 640 328 ) (-392 640 328 ) 
4 30 42 (-312 476 140 ) (-312 476 328 ) (-716 476 328 ) (-716 476 140 ) 
4 30 37 (-716 476 140 ) (-716 476 150 ) (-716 572 150 ) (-716 572 140 ) 
4 30 36 (-716 572 150 ) (-716 1108 150 ) (-716 1108 140 ) (-716 572 140 ) 
4 30 35 (-716 476 150 ) (-716 476 328 ) (-716 1108 328 ) (-716 1108 150 ) 
4 30 33 (-716 1224 328 ) (-716 1272 328 ) (-716 1272 140 ) (-716 1224 140 ) 
4 30 31 (-716 890 140 ) (-716 1272 140 ) (-312 1272 140 ) (-312 890 140 ) 
4 31 36 (-716 890 140 ) (-716 1108 140 ) (-716 1108 17 ) (-716 890 17 ) 
4 31 33 (-716 1224 140 ) (-716 1272 140 ) (-716 1272 17 ) (-716 1224 17 ) 
4 31 32 (-716 890 17 ) (-716 1272 17 ) (-312 1272 17 ) (-312 890 17 ) 
4 32 43 (-312 476 16 ) (-312 476 17 ) (-716 476 17 ) (-716 476 16 ) 
4 32 37 (-716 476 16 ) (-716 476 17 ) (-716 572 17 ) (-716 572 16 ) 
4 32 36 (-716 572 17 ) (-716 1108 17 ) (-716 1108 16 ) (-716 572 16 ) 
4 32 33 (-716 1224 17 ) (-716 1272 17 ) (-716 1272 16 ) (-716 1224 16 ) 
4 33 34 (-768 1272 688 ) (-768 1272 16 ) (-768 1224 16 ) (-768 1224 688 ) 
4 34 36 (-1208 1108 150 ) (-1208 1108 16 ) (-768 1108 16 ) (-768 1108 150 ) 
4 34 35 (-768 1108 688 ) (-1208 1108 688 ) (-1208 1108 150 ) (-768 1108 150 ) 
4 35 45 (-716 476 150 ) (-716 476 688 ) (-1208 476 688 ) (-1208 476 150 ) 
4 35 38 (-1112 476 150 ) (-1208 476 150 ) (-1208 572 150 ) (-1112 572 150 ) 
4 35 37 (-716 476 150 ) (-936 476 150 ) (-936 572 150 ) (-716 572 150 ) 
4 35 36 (-1208 572 150 ) (-1208 1108 150 ) (-716 1108 150 ) (-716 572 150 ) 
4 36 38 (-1208 572 150 ) (-1208 572 16 ) (-1112 572 16 ) (-1112 572 150 ) 
4 36 37 (-936 572 16 ) (-716 572 16 ) (-716 572 150 ) (-936 572 150 ) 
4 37 45 (-716 476 16 ) (-716 476 150 ) (-936 476 150 ) (-936 476 16 ) 
4 38 45 (-1112 476 150 ) (-1208 476 150 ) (-1208 476 16 ) (-1112 476 16 ) 
4 39 44 (-312 159 380 ) (-312 159 688 ) (-392 159 688 ) (-392 159 380 ) 
4 39 41 (-392 476 688 ) (-392 476 380 ) (-392 159 380 ) (-392 159 688 ) 
4 39 40 (-312 420 380 ) (-312 159 380 ) (-392 159 380 ) (-392 420 380 ) 
4 40 44 (-312 159 328 ) (-312 159 380 ) (-392 159 380 ) (-392 159 328 ) 
4 40 42 (-312 420 328 ) (-312 159 328 ) (-392 159 328 ) (-392 420 328 ) 
4 40 41 (-392 420 328 ) (-392 159 328 ) (-392 159 380 ) (-392 420 380 ) 
4 41 45 (-716 476 688 ) (-716 476 328 ) (-716 159 328 ) (-716 159 688 ) 
4 41 44 (-716 159 688 ) (-716 159 328 ) (-392 159 328 ) (-392 159 688 ) 
4 41 42 (-716 159 328 ) (-716 476 328 ) (-392 476 328 ) (-392 159 328 ) 
4 42 45 (-716 476 328 ) (-716 476 140 ) (-716 159 140 ) (-716 159 328 ) 
4 42 44 (-312 159 140 ) (-312 159 328 ) (-716 159 328 ) (-716 159 140 ) 
4 43 45 (-716 476 17 ) (-716 476 16 ) (-716 159 16 ) (-716 159 17 ) 
4 43 44 (-716 159 16 ) (-312 159 16 ) (-312 159 17 ) (-716 159 17 ) 
4 44 46 (-716 -320 16 ) (-716 -320 688 ) (-716 -144 688 ) (-716 -144 16 ) 
4 44 45 (-716 -28 688 ) (-716 159 688 ) (-716 159 16 ) (-716 -28 16 ) 
4 45 47 (-1208 -28 688 ) (-1208 -28 16 ) (-768 -28 16 ) (-768 -28 688 ) 
4 46 47 (-768 -144 16 ) (-768 -320 16 ) (-768 -320 688 ) (-768 -144 688 ) 
