PRT1
81
266
4 0 31 (-40 304 952 ) (-40 304 948 ) (884 304 948 ) (884 304 952 ) 
4 0 16 (-40 1044 948 ) (-40 304 948 ) (-40 304 952 ) (-40 1044 952 ) 
4 0 2 (884 304 948 ) (-40 304 948 ) (-40 1040 948 ) (884 1040 948 ) 
4 0 1 (-40 1040 948 ) (-40 1044 948 ) (884 1044 948 ) (884 1040 948 ) 
4 1 17 (-40 1044 16 ) (-40 1040 16 ) (-40 1040 948 ) (-40 1044 948 ) 
4 1 9 (-40 1040 480 ) (-40 1040 372 ) (64 1040 372 ) (64 1040 480 ) 
4 1 10 (-40 1040 368 ) (-40 1040 20 ) (64 1040 20 ) (64 1040 368 ) 
4 1 8 (64 1040 20 ) (880 1040 20 ) (880 1040 480 ) (64 1040 480 ) 
4 1 7 (120 1040 944 ) (-40 1040 944 ) (-40 1040 508 ) (120 1040 508 ) 
4 1 5 (804 1040 944 ) (120 1040 944 ) (120 1040 480 ) (804 1040 480 ) 
4 1 4 (880 1040 944 ) (804 1040 944 ) (804 1040 480 ) (880 1040 480 ) 
4 1 3 (884 1040 20 ) (884 1040 944 ) (880 1040 944 ) (880 1040 20 ) 
4 1 2 (884 1040 944 ) (884 1040 948 ) (-40 1040 948 ) (-40 1040 944 ) 
4 1 15 (-40 1040 16 ) (884 1040 16 ) (884 1040 20 ) (-40 1040 20 ) 
4 2 33 (880 304 948 ) (-40 304 948 ) (-40 304 944 ) (880 304 944 ) 
4 2 32 (884 304 948 ) (880 304 948 ) (880 304 944 ) (884 304 944 ) 
4 2 18 (-40 304 944 ) (-40 304 948 ) (-40 1040 948 ) (-40 1040 944 ) 
4 2 7 (120 304 944 ) (-40 304 944 ) (-40 1040 944 ) (120 1040 944 ) 
4 2 6 (804 304 944 ) (120 304 944 ) (120 384 944 ) (804 384 944 ) 
4 2 5 (120 384 944 ) (120 1040 944 ) (804 1040 944 ) (804 384 944 ) 
4 2 4 (880 304 944 ) (804 304 944 ) (804 1040 944 ) (880 1040 944 ) 
4 2 3 (884 304 944 ) (880 304 944 ) (880 1040 944 ) (884 1040 944 ) 
4 3 32 (880 304 20 ) (884 304 20 ) (884 304 944 ) (880 304 944 ) 
4 3 11 (880 304 372 ) (880 304 480 ) (880 384 480 ) (880 384 372 ) 
4 3 14 (880 384 20 ) (880 304 20 ) (880 304 368 ) (880 384 368 ) 
4 3 8 (880 1040 480 ) (880 1040 20 ) (880 384 20 ) (880 384 480 ) 
4 3 4 (880 1040 944 ) (880 1040 480 ) (880 304 480 ) (880 304 944 ) 
4 3 15 (880 1040 20 ) (884 1040 20 ) (884 304 20 ) (880 304 20 ) 
4 4 35 (804 304 480 ) (880 304 480 ) (880 304 508 ) (804 304 508 ) 
4 4 34 (880 304 508 ) (880 304 944 ) (804 304 944 ) (804 304 508 ) 
4 4 11 (880 304 480 ) (804 304 480 ) (804 384 480 ) (880 384 480 ) 
4 4 8 (804 384 480 ) (804 1040 480 ) (880 1040 480 ) (880 384 480 ) 
4 4 6 (804 304 484 ) (804 304 944 ) (804 384 944 ) (804 384 484 ) 
4 4 5 (804 1040 480 ) (804 384 480 ) (804 384 944 ) (804 1040 944 ) 
4 5 8 (120 384 480 ) (120 1040 480 ) (804 1040 480 ) (804 384 480 ) 
4 5 7 (120 1040 944 ) (120 1040 508 ) (120 384 508 ) (120 384 944 ) 
4 5 6 (120 384 944 ) (120 384 484 ) (804 384 484 ) (804 384 944 ) 
4 6 35 (804 304 484 ) (804 304 508 ) (120 304 508 ) (120 304 484 ) 
4 6 34 (804 304 508 ) (804 304 944 ) (120 304 944 ) (120 304 508 ) 
4 6 7 (120 304 508 ) (120 304 944 ) (120 384 944 ) (120 384 508 ) 
4 7 34 (-40 304 944 ) (-40 304 508 ) (120 304 508 ) (120 304 944 ) 
4 7 19 (-40 304 508 ) (-40 304 944 ) (-40 1040 944 ) (-40 1040 508 ) 
4 8 13 (116 384 480 ) (64 384 480 ) (64 384 372 ) (116 384 372 ) 
4 8 11 (880 384 372 ) (880 384 480 ) (120 384 480 ) (120 384 372 ) 
4 8 14 (64 384 20 ) (880 384 20 ) (880 384 368 ) (64 384 368 ) 
4 8 9 (64 1040 480 ) (64 1040 372 ) (64 384 372 ) (64 384 480 ) 
4 8 10 (64 1040 368 ) (64 1040 20 ) (64 384 20 ) (64 384 368 ) 
4 8 15 (64 1040 20 ) (880 1040 20 ) (880 384 20 ) (64 384 20 ) 
4 9 23 (-40 384 480 ) (-40 1040 480 ) (-40 1040 372 ) (-40 384 372 ) 
4 9 13 (64 384 372 ) (64 384 480 ) (-40 384 480 ) (-40 384 372 ) 
4 10 28 (-40 1040 368 ) (-40 1040 20 ) (-40 384 20 ) (-40 384 368 ) 
4 10 14 (-40 384 20 ) (64 384 20 ) (64 384 368 ) (-40 384 368 ) 
4 10 15 (-40 1040 20 ) (64 1040 20 ) (64 384 20 ) (-40 384 20 ) 
4 11 36 (880 304 372 ) (880 304 480 ) (120 304 480 ) (120 304 372 ) 
4 11 12 (120 308 480 ) (120 380 480 ) (120 380 372 ) (120 308 372 ) 
4 12 13 (116 308 480 ) (116 380 480 ) (116 380 372 ) (116 308 372 ) 
4 13 37 (-40 304 480 ) (-40 304 372 ) (64 304 372 ) (64 304 480 ) 
4 13 36 (64 304 372 ) (116 304 372 ) (116 304 480 ) (64 304 480 ) 
4 13 26 (-40 304 372 ) (-40 304 480 ) (-40 308 480 ) (-40 308 372 ) 
4 13 25 (-40 308 480 ) (-40 380 480 ) (-40 380 372 ) (-40 308 372 ) 
4 13 24 (-40 380 480 ) (-40 384 480 ) (-40 384 372 ) (-40 380 372 ) 
4 14 38 (-40 304 368 ) (-40 304 20 ) (880 304 20 ) (880 304 368 ) 
4 14 28 (-40 304 20 ) (-40 304 368 ) (-40 384 368 ) (-40 384 20 ) 
4 14 15 (880 384 20 ) (880 304 20 ) (-40 304 20 ) (-40 384 20 ) 
4 15 39 (-40 304 20 ) (-40 304 16 ) (880 304 16 ) (880 304 20 ) 
4 15 32 (880 304 16 ) (884 304 16 ) (884 304 20 ) (880 304 20 ) 
4 15 29 (-40 1040 16 ) (-40 304 16 ) (-40 304 20 ) (-40 1040 20 ) 
4 16 57 (-40 304 948 ) (-40 304 952 ) (-980 304 952 ) (-980 304 948 ) 
4 16 18 (-40 304 948 ) (-976 304 948 ) (-976 1040 948 ) (-40 1040 948 ) 
4 16 30 (-976 304 948 ) (-980 304 948 ) (-980 1040 948 ) (-976 1040 948 ) 
4 16 17 (-980 1040 948 ) (-980 1044 948 ) (-40 1044 948 ) (-40 1040 948 ) 
4 17 29 (-976 1040 16 ) (-40 1040 16 ) (-40 1040 20 ) (-976 1040 20 ) 
4 17 28 (-40 1040 20 ) (-40 1040 368 ) (-976 1040 368 ) (-976 1040 20 ) 
4 17 23 (-40 1040 368 ) (-40 1040 480 ) (-976 1040 480 ) (-976 1040 368 ) 
4 17 20 (-100 1040 508 ) (-896 1040 508 ) (-896 1040 480 ) (-100 1040 480 ) 
4 17 22 (-896 1040 508 ) (-976 1040 508 ) (-976 1040 480 ) (-896 1040 480 ) 
4 17 19 (-40 1040 508 ) (-40 1040 944 ) (-976 1040 944 ) (-976 1040 508 ) 
4 17 18 (-40 1040 944 ) (-40 1040 948 ) (-976 1040 948 ) (-976 1040 944 ) 
4 17 30 (-980 1040 948 ) (-980 1040 16 ) (-976 1040 16 ) (-976 1040 948 ) 
4 18 58 (-40 304 944 ) (-40 304 948 ) (-976 304 948 ) (-976 304 944 ) 
4 18 30 (-976 1040 948 ) (-976 1040 944 ) (-976 304 944 ) (-976 304 948 ) 
4 18 19 (-40 304 944 ) (-976 304 944 ) (-976 1040 944 ) (-40 1040 944 ) 
4 19 61 (-100 304 944 ) (-976 304 944 ) (-976 304 508 ) (-100 304 508 ) 
4 19 59 (-40 304 508 ) (-40 304 944 ) (-100 304 944 ) (-100 304 508 ) 
4 19 21 (-100 304 508 ) (-896 304 508 ) (-896 384 508 ) (-100 384 508 ) 
4 19 20 (-896 1040 508 ) (-100 1040 508 ) (-100 384 508 ) (-896 384 508 ) 
4 19 22 (-976 304 508 ) (-976 1040 508 ) (-896 1040 508 ) (-896 304 508 ) 
4 19 30 (-976 1040 944 ) (-976 1040 508 ) (-976 304 508 ) (-976 304 944 ) 
4 20 23 (-896 384 480 ) (-896 1040 480 ) (-100 1040 480 ) (-100 384 480 ) 
4 20 21 (-100 384 484 ) (-100 384 508 ) (-896 384 508 ) (-896 384 484 ) 
4 20 22 (-896 1040 480 ) (-896 384 480 ) (-896 384 508 ) (-896 1040 508 ) 
4 21 61 (-100 304 508 ) (-896 304 508 ) (-896 304 484 ) (-100 304 484 ) 
4 21 22 (-896 304 484 ) (-896 304 508 ) (-896 384 508 ) (-896 384 484 ) 
4 22 61 (-896 304 508 ) (-976 304 508 ) (-976 304 480 ) (-896 304 480 ) 
4 22 27 (-896 304 480 ) (-976 304 480 ) (-976 384 480 ) (-896 384 480 ) 
4 22 23 (-976 384 480 ) (-976 1040 480 ) (-896 1040 480 ) (-896 384 480 ) 
4 22 30 (-976 1040 508 ) (-976 1040 480 ) (-976 304 480 ) (-976 304 508 ) 
4 23 28 (-976 384 368 ) (-976 1040 368 ) (-40 1040 368 ) (-40 384 368 ) 
4 23 27 (-976 384 480 ) (-976 384 372 ) (-100 384 372 ) (-100 384 480 ) 
4 23 24 (-40 384 372 ) (-40 384 480 ) (-96 384 480 ) (-96 384 372 ) 
4 23 30 (-976 1040 480 ) (-976 1040 368 ) (-976 384 368 ) (-976 384 480 ) 
4 24 25 (-96 380 372 ) (-40 380 372 ) (-40 380 480 ) (-96 380 480 ) 
4 25 27 (-100 308 480 ) (-100 380 480 ) (-100 380 372 ) (-100 308 372 ) 
4 25 26 (-96 308 372 ) (-40 308 372 ) (-40 308 480 ) (-96 308 480 ) 
4 26 60 (-40 304 372 ) (-40 304 480 ) (-96 304 480 ) (-96 304 372 ) 
4 27 61 (-100 304 480 ) (-976 304 480 ) (-976 304 372 ) (-100 304 372 ) 
4 27 30 (-976 304 372 ) (-976 304 480 ) (-976 384 480 ) (-976 384 372 ) 
4 28 61 (-100 304 368 ) (-976 304 368 ) (-976 304 20 ) (-100 304 20 ) 
4 28 60 (-40 304 20 ) (-40 304 368 ) (-100 304 368 ) (-100 304 20 ) 
4 28 30 (-976 1040 368 ) (-976 1040 20 ) (-976 304 20 ) (-976 304 368 ) 
4 28 29 (-40 304 20 ) (-976 304 20 ) (-976 1040 20 ) (-40 1040 20 ) 
4 29 63 (-40 304 16 ) (-40 304 20 ) (-976 304 20 ) (-976 304 16 ) 
4 29 30 (-976 1040 20 ) (-976 1040 16 ) (-976 304 16 ) (-976 304 20 ) 
4 30 63 (-980 304 20 ) (-980 304 16 ) (-976 304 16 ) (-976 304 20 ) 
4 30 62 (-980 304 944 ) (-980 304 20 ) (-976 304 20 ) (-976 304 944 ) 
4 30 58 (-976 304 948 ) (-980 304 948 ) (-980 304 944 ) (-976 304 944 ) 
4 31 57 (-40 304 952 ) (-40 304 948 ) (-40 -344 948 ) (-40 -344 952 ) 
4 31 40 (-40 -344 952 ) (-40 -344 948 ) (884 -344 948 ) (884 -344 952 ) 
4 31 33 (-40 -344 948 ) (-40 304 948 ) (880 304 948 ) (880 -344 948 ) 
4 31 32 (880 304 948 ) (884 304 948 ) (884 -344 948 ) (880 -344 948 ) 
4 32 51 (880 -344 372 ) (880 -344 16 ) (884 -344 16 ) (884 -344 372 ) 
4 32 41 (884 -344 948 ) (880 -344 948 ) (880 -344 372 ) (884 -344 372 ) 
4 32 39 (880 304 20 ) (880 304 16 ) (880 -344 16 ) (880 -344 20 ) 
4 32 38 (880 304 368 ) (880 304 20 ) (880 -344 20 ) (880 -344 368 ) 
4 32 36 (880 304 480 ) (880 304 368 ) (880 -344 368 ) (880 -344 480 ) 
4 32 35 (880 304 508 ) (880 304 480 ) (880 -344 480 ) (880 -344 508 ) 
4 32 34 (880 304 944 ) (880 304 508 ) (880 -344 508 ) (880 -344 944 ) 
4 32 33 (880 304 948 ) (880 304 944 ) (880 -344 944 ) (880 -344 948 ) 
4 33 58 (-40 304 948 ) (-40 304 944 ) (-40 -344 944 ) (-40 -344 948 ) 
4 33 42 (880 -344 948 ) (-40 -344 948 ) (-40 -344 944 ) (880 -344 944 ) 
4 33 34 (-40 304 944 ) (880 304 944 ) (880 -344 944 ) (-40 -344 944 ) 
4 34 59 (-40 304 944 ) (-40 304 508 ) (-40 -344 508 ) (-40 -344 944 ) 
4 34 43 (-40 -344 944 ) (-40 -344 508 ) (880 -344 508 ) (880 -344 944 ) 
4 34 35 (880 -344 508 ) (120 -344 508 ) (120 304 508 ) (880 304 508 ) 
4 35 45 (804 -344 484 ) (804 -344 508 ) (120 -344 508 ) (120 -344 484 ) 
4 35 44 (804 -344 480 ) (880 -344 480 ) (880 -344 508 ) (804 -344 508 ) 
4 35 36 (120 304 480 ) (880 304 480 ) (880 -344 480 ) (120 -344 480 ) 
4 36 49 (116 -344 480 ) (64 -344 480 ) (64 -344 372 ) (116 -344 372 ) 
4 36 46 (804 -344 480 ) (120 -344 480 ) (120 -344 372 ) (804 -344 372 ) 
4 36 44 (880 -344 372 ) (880 -344 480 ) (804 -344 480 ) (804 -344 372 ) 
4 36 38 (880 -344 368 ) (64 -344 368 ) (64 304 368 ) (880 304 368 ) 
4 36 37 (64 304 480 ) (64 304 372 ) (64 -344 372 ) (64 -344 480 ) 
4 37 60 (-40 304 480 ) (-40 304 372 ) (-40 -344 372 ) (-40 -344 480 ) 
4 37 49 (-40 -344 480 ) (-40 -344 372 ) (64 -344 372 ) (64 -344 480 ) 
4 38 60 (-40 304 368 ) (-40 304 20 ) (-40 -344 20 ) (-40 -344 368 ) 
4 38 52 (-40 -344 368 ) (-40 -344 20 ) (880 -344 20 ) (880 -344 368 ) 
4 38 39 (-40 304 20 ) (880 304 20 ) (880 -344 20 ) (-40 -344 20 ) 
4 39 63 (-40 304 20 ) (-40 304 16 ) (-40 -344 16 ) (-40 -344 20 ) 
4 39 55 (-40 -344 20 ) (-40 -344 16 ) (880 -344 16 ) (880 -344 20 ) 
4 40 64 (-40 -344 952 ) (-40 -344 948 ) (-40 -992 948 ) (-40 -992 952 ) 
4 40 56 (-40 -992 948 ) (-40 -988 948 ) (884 -988 948 ) (884 -992 948 ) 
4 40 42 (-40 -988 948 ) (-40 -344 948 ) (880 -344 948 ) (880 -988 948 ) 
4 40 41 (880 -344 948 ) (884 -344 948 ) (884 -988 948 ) (880 -988 948 ) 
4 41 56 (884 -988 372 ) (884 -988 948 ) (880 -988 948 ) (880 -988 372 ) 
4 41 51 (880 -344 372 ) (884 -344 372 ) (884 -988 372 ) (880 -988 372 ) 
4 41 44 (880 -988 372 ) (880 -988 508 ) (880 -344 508 ) (880 -344 372 ) 
4 41 43 (880 -988 508 ) (880 -988 944 ) (880 -344 944 ) (880 -344 508 ) 
4 41 42 (880 -988 944 ) (880 -988 948 ) (880 -344 948 ) (880 -344 944 ) 
4 42 65 (-40 -988 948 ) (-40 -344 948 ) (-40 -344 944 ) (-40 -988 944 ) 
4 42 56 (880 -988 948 ) (-40 -988 948 ) (-40 -988 944 ) (880 -988 944 ) 
4 42 43 (880 -344 944 ) (880 -988 944 ) (-40 -988 944 ) (-40 -344 944 ) 
4 43 66 (-40 -344 944 ) (-40 -344 508 ) (-40 -988 508 ) (-40 -988 944 ) 
4 43 56 (-40 -988 944 ) (-40 -988 508 ) (880 -988 508 ) (880 -988 944 ) 
4 43 45 (120 -424 508 ) (120 -344 508 ) (804 -344 508 ) (804 -424 508 ) 
4 43 47 (804 -988 508 ) (120 -988 508 ) (120 -424 508 ) (804 -424 508 ) 
4 43 44 (880 -988 508 ) (804 -988 508 ) (804 -344 508 ) (880 -344 508 ) 
4 44 56 (804 -988 372 ) (880 -988 372 ) (880 -988 508 ) (804 -988 508 ) 
4 44 53 (880 -424 372 ) (880 -988 372 ) (804 -988 372 ) (804 -424 372 ) 
4 44 45 (804 -344 508 ) (804 -344 484 ) (804 -424 484 ) (804 -424 508 ) 
4 44 46 (804 -344 480 ) (804 -344 372 ) (804 -424 372 ) (804 -424 480 ) 
4 44 47 (804 -424 372 ) (804 -988 372 ) (804 -988 508 ) (804 -424 508 ) 
4 45 47 (120 -424 508 ) (120 -424 484 ) (804 -424 484 ) (804 -424 508 ) 
4 46 48 (120 -348 372 ) (120 -420 372 ) (120 -420 480 ) (120 -348 480 ) 
4 46 47 (120 -424 480 ) (120 -424 372 ) (804 -424 372 ) (804 -424 480 ) 
4 47 56 (120 -988 372 ) (804 -988 372 ) (804 -988 508 ) (120 -988 508 ) 
4 47 53 (804 -424 372 ) (804 -988 372 ) (120 -988 372 ) (120 -424 372 ) 
4 47 50 (120 -988 372 ) (120 -988 480 ) (120 -424 480 ) (120 -424 372 ) 
4 48 49 (116 -348 372 ) (116 -420 372 ) (116 -420 480 ) (116 -348 480 ) 
4 49 69 (-40 -420 372 ) (-40 -424 372 ) (-40 -424 480 ) (-40 -420 480 ) 
4 49 67 (-40 -344 480 ) (-40 -344 372 ) (-40 -348 372 ) (-40 -348 480 ) 
4 49 68 (-40 -348 372 ) (-40 -420 372 ) (-40 -420 480 ) (-40 -348 480 ) 
4 49 50 (-40 -424 480 ) (-40 -424 372 ) (116 -424 372 ) (116 -424 480 ) 
4 50 70 (-40 -424 372 ) (-40 -988 372 ) (-40 -988 480 ) (-40 -424 480 ) 
4 50 56 (-40 -988 480 ) (-40 -988 372 ) (120 -988 372 ) (120 -988 480 ) 
4 50 53 (64 -424 372 ) (120 -424 372 ) (120 -988 372 ) (64 -988 372 ) 
4 51 56 (880 -988 16 ) (884 -988 16 ) (884 -988 372 ) (880 -988 372 ) 
4 51 53 (880 -988 20 ) (880 -988 372 ) (880 -424 372 ) (880 -424 20 ) 
4 51 52 (880 -344 368 ) (880 -344 20 ) (880 -424 20 ) (880 -424 368 ) 
4 51 55 (880 -344 16 ) (880 -988 16 ) (880 -988 20 ) (880 -344 20 ) 
4 52 76 (-40 -344 368 ) (-40 -344 20 ) (-40 -424 20 ) (-40 -424 368 ) 
4 52 54 (64 -424 368 ) (-40 -424 368 ) (-40 -424 20 ) (64 -424 20 ) 
4 52 53 (880 -424 20 ) (880 -424 368 ) (64 -424 368 ) (64 -424 20 ) 
4 52 55 (-40 -424 20 ) (-40 -344 20 ) (880 -344 20 ) (880 -424 20 ) 
4 53 56 (880 -988 20 ) (880 -988 372 ) (64 -988 372 ) (64 -988 20 ) 
4 53 54 (64 -424 368 ) (64 -424 20 ) (64 -988 20 ) (64 -988 368 ) 
4 53 55 (880 -988 20 ) (64 -988 20 ) (64 -424 20 ) (880 -424 20 ) 
4 54 77 (-40 -424 20 ) (-40 -988 20 ) (-40 -988 368 ) (-40 -424 368 ) 
4 54 56 (-40 -988 368 ) (-40 -988 20 ) (64 -988 20 ) (64 -988 368 ) 
4 54 55 (64 -988 20 ) (-40 -988 20 ) (-40 -424 20 ) (64 -424 20 ) 
4 55 78 (-40 -344 20 ) (-40 -344 16 ) (-40 -988 16 ) (-40 -988 20 ) 
4 55 56 (-40 -988 16 ) (880 -988 16 ) (880 -988 20 ) (-40 -988 20 ) 
4 56 80 (-40 -992 948 ) (-40 -988 948 ) (-40 -988 16 ) (-40 -992 16 ) 
4 57 64 (-40 -344 948 ) (-40 -344 952 ) (-980 -344 952 ) (-980 -344 948 ) 
4 57 58 (-980 -344 948 ) (-980 304 948 ) (-40 304 948 ) (-40 -344 948 ) 
4 58 65 (-40 -344 944 ) (-40 -344 948 ) (-976 -344 948 ) (-976 -344 944 ) 
4 58 75 (-976 -344 948 ) (-980 -344 948 ) (-980 -344 944 ) (-976 -344 944 ) 
4 58 62 (-976 -344 944 ) (-980 -344 944 ) (-980 304 944 ) (-976 304 944 ) 
4 58 61 (-100 -344 944 ) (-976 -344 944 ) (-976 304 944 ) (-100 304 944 ) 
4 58 59 (-40 -344 944 ) (-100 -344 944 ) (-100 304 944 ) (-40 304 944 ) 
4 59 66 (-40 -344 508 ) (-40 -344 944 ) (-100 -344 944 ) (-100 -344 508 ) 
4 59 61 (-100 304 944 ) (-100 304 508 ) (-100 -344 508 ) (-100 -344 944 ) 
4 60 76 (-40 -344 20 ) (-40 -344 368 ) (-100 -344 368 ) (-100 -344 20 ) 
4 60 67 (-40 -344 372 ) (-40 -344 480 ) (-96 -344 480 ) (-96 -344 372 ) 
4 60 63 (-100 304 20 ) (-40 304 20 ) (-40 -344 20 ) (-100 -344 20 ) 
4 60 61 (-100 304 480 ) (-100 304 20 ) (-100 -344 20 ) (-100 -344 480 ) 
4 61 76 (-976 -344 368 ) (-976 -344 20 ) (-100 -344 20 ) (-100 -344 368 ) 
4 61 71 (-100 -344 484 ) (-100 -344 508 ) (-896 -344 508 ) (-896 -344 484 ) 
4 61 72 (-896 -344 372 ) (-100 -344 372 ) (-100 -344 480 ) (-896 -344 480 ) 
4 61 74 (-976 -344 508 ) (-976 -344 372 ) (-896 -344 372 ) (-896 -344 508 ) 
4 61 66 (-100 -344 944 ) (-976 -344 944 ) (-976 -344 508 ) (-100 -344 508 ) 
4 61 63 (-976 304 20 ) (-100 304 20 ) (-100 -344 20 ) (-976 -344 20 ) 
4 61 62 (-976 304 20 ) (-976 -344 20 ) (-976 -344 944 ) (-976 304 944 ) 
4 62 79 (-980 -344 372 ) (-980 -344 20 ) (-976 -344 20 ) (-976 -344 372 ) 
4 62 75 (-976 -344 944 ) (-980 -344 944 ) (-980 -344 372 ) (-976 -344 372 ) 
4 62 63 (-980 -344 20 ) (-980 304 20 ) (-976 304 20 ) (-976 -344 20 ) 
4 63 78 (-40 -344 16 ) (-40 -344 20 ) (-976 -344 20 ) (-976 -344 16 ) 
4 63 79 (-976 -344 20 ) (-980 -344 20 ) (-980 -344 16 ) (-976 -344 16 ) 
4 64 80 (-40 -988 948 ) (-40 -992 948 ) (-980 -992 948 ) (-980 -988 948 ) 
4 64 65 (-976 -344 948 ) (-40 -344 948 ) (-40 -988 948 ) (-976 -988 948 ) 
4 64 75 (-980 -344 948 ) (-976 -344 948 ) (-976 -988 948 ) (-980 -988 948 ) 
4 65 80 (-40 -988 944 ) (-40 -988 948 ) (-976 -988 948 ) (-976 -988 944 ) 
4 65 75 (-976 -344 948 ) (-976 -344 944 ) (-976 -988 944 ) (-976 -988 948 ) 
4 65 66 (-40 -988 944 ) (-976 -988 944 ) (-976 -344 944 ) (-40 -344 944 ) 
4 66 80 (-40 -988 508 ) (-40 -988 944 ) (-976 -988 944 ) (-976 -988 508 ) 
4 66 71 (-896 -344 508 ) (-100 -344 508 ) (-100 -424 508 ) (-896 -424 508 ) 
4 66 73 (-100 -424 508 ) (-100 -988 508 ) (-896 -988 508 ) (-896 -424 508 ) 
4 66 74 (-976 -344 508 ) (-896 -344 508 ) (-896 -988 508 ) (-976 -988 508 ) 
4 66 75 (-976 -344 944 ) (-976 -344 508 ) (-976 -988 508 ) (-976 -988 944 ) 
4 67 68 (-40 -348 480 ) (-96 -348 480 ) (-96 -348 372 ) (-40 -348 372 ) 
4 68 72 (-100 -348 372 ) (-100 -420 372 ) (-100 -420 480 ) (-100 -348 480 ) 
4 68 69 (-96 -420 372 ) (-40 -420 372 ) (-40 -420 480 ) (-96 -420 480 ) 
4 69 70 (-96 -424 372 ) (-40 -424 372 ) (-40 -424 480 ) (-96 -424 480 ) 
4 70 80 (-100 -988 372 ) (-40 -988 372 ) (-40 -988 480 ) (-100 -988 480 ) 
4 70 77 (-40 -424 372 ) (-40 -988 372 ) (-100 -988 372 ) (-100 -424 372 ) 
4 70 73 (-100 -424 372 ) (-100 -988 372 ) (-100 -988 480 ) (-100 -424 480 ) 
4 71 74 (-896 -424 508 ) (-896 -344 508 ) (-896 -344 484 ) (-896 -424 484 ) 
4 71 73 (-896 -424 508 ) (-896 -424 484 ) (-100 -424 484 ) (-100 -424 508 ) 
4 72 73 (-896 -424 480 ) (-896 -424 372 ) (-100 -424 372 ) (-100 -424 480 ) 
4 72 74 (-896 -344 480 ) (-896 -344 372 ) (-896 -424 372 ) (-896 -424 480 ) 
4 73 80 (-896 -988 372 ) (-100 -988 372 ) (-100 -988 508 ) (-896 -988 508 ) 
4 73 77 (-100 -424 372 ) (-100 -988 372 ) (-896 -988 372 ) (-896 -424 372 ) 
4 73 74 (-896 -988 372 ) (-896 -988 508 ) (-896 -424 508 ) (-896 -424 372 ) 
4 74 80 (-976 -988 372 ) (-896 -988 372 ) (-896 -988 508 ) (-976 -988 508 ) 
4 74 77 (-896 -424 372 ) (-896 -988 372 ) (-976 -988 372 ) (-976 -424 372 ) 
4 74 75 (-976 -344 508 ) (-976 -344 372 ) (-976 -988 372 ) (-976 -988 508 ) 
4 75 80 (-980 -988 948 ) (-980 -988 372 ) (-976 -988 372 ) (-976 -988 948 ) 
4 75 79 (-980 -988 372 ) (-980 -344 372 ) (-976 -344 372 ) (-976 -988 372 ) 
4 76 77 (-976 -424 368 ) (-976 -424 20 ) (-40 -424 20 ) (-40 -424 368 ) 
4 76 79 (-976 -344 368 ) (-976 -344 20 ) (-976 -424 20 ) (-976 -424 368 ) 
4 76 78 (-976 -344 20 ) (-40 -344 20 ) (-40 -424 20 ) (-976 -424 20 ) 
4 77 80 (-40 -988 20 ) (-40 -988 372 ) (-976 -988 372 ) (-976 -988 20 ) 
4 77 78 (-40 -424 20 ) (-40 -988 20 ) (-976 -988 20 ) (-976 -424 20 ) 
4 77 79 (-976 -988 20 ) (-976 -988 372 ) (-976 -424 372 ) (-976 -424 20 ) 
4 78 80 (-976 -988 16 ) (-40 -988 16 ) (-40 -988 20 ) (-976 -988 20 ) 
4 78 79 (-976 -988 16 ) (-976 -988 20 ) (-976 -344 20 ) (-976 -344 16 ) 
4 79 80 (-980 -988 372 ) (-980 -988 16 ) (-976 -988 16 ) (-976 -988 372 ) 
