PRT1
226
726
4 0 59 (-40 488 1216 ) (-40 488 1244 ) (-40 1104 1244 ) (-40 1104 1216 ) 
4 0 16 (-40 488 1244 ) (-40 488 1216 ) (960 488 1216 ) (960 488 1244 ) 
4 0 2 (-40 1072 1216 ) (-40 1104 1216 ) (928 1104 1216 ) (928 1072 1216 ) 
4 0 1 (960 488 1216 ) (928 488 1216 ) (928 1104 1216 ) (960 1104 1216 ) 
4 1 17 (928 488 1088 ) (960 488 1088 ) (960 488 1216 ) (928 488 1216 ) 
4 1 2 (928 1072 1216 ) (928 1104 1216 ) (928 1104 1088 ) (928 1072 1088 ) 
4 2 60 (-40 1104 1088 ) (-40 1072 1088 ) (-40 1072 1216 ) (-40 1104 1216 ) 
4 3 61 (-40 1072 1088 ) (-40 488 1088 ) (-40 488 1216 ) (-40 1072 1216 ) 
4 3 18 (-40 488 1216 ) (-40 488 1088 ) (928 488 1088 ) (928 488 1216 ) 
4 3 7 (240 488 1088 ) (-40 488 1088 ) (-40 1044 1088 ) (240 1044 1088 ) 
4 3 5 (884 488 1088 ) (240 488 1088 ) (240 708 1088 ) (884 708 1088 ) 
4 3 4 (240 708 1088 ) (240 1044 1088 ) (884 1044 1088 ) (884 708 1088 ) 
4 4 23 (880 708 508 ) (240 708 508 ) (240 1044 508 ) (880 1044 508 ) 
4 4 22 (884 1044 508 ) (884 708 508 ) (880 708 508 ) (880 1044 508 ) 
4 4 15 (240 1044 508 ) (240 708 508 ) (240 708 768 ) (240 1044 768 ) 
4 4 8 (240 708 768 ) (240 708 844 ) (240 1044 844 ) (240 1044 768 ) 
4 4 7 (240 708 844 ) (240 708 1088 ) (240 1044 1088 ) (240 1044 844 ) 
4 4 5 (240 708 1088 ) (240 708 860 ) (884 708 860 ) (884 708 1088 ) 
4 4 6 (240 708 832 ) (240 708 508 ) (884 708 508 ) (884 708 832 ) 
4 5 19 (884 488 860 ) (884 488 1088 ) (240 488 1088 ) (240 488 860 ) 
4 5 7 (240 488 860 ) (240 488 1088 ) (240 708 1088 ) (240 708 860 ) 
4 6 23 (880 488 508 ) (240 488 508 ) (240 708 508 ) (880 708 508 ) 
4 6 22 (884 708 508 ) (884 488 508 ) (880 488 508 ) (880 708 508 ) 
4 6 19 (240 488 508 ) (884 488 508 ) (884 488 832 ) (240 488 832 ) 
4 6 15 (240 708 508 ) (240 488 508 ) (240 488 768 ) (240 708 768 ) 
4 6 9 (240 488 768 ) (240 488 816 ) (240 708 816 ) (240 708 768 ) 
4 7 62 (-40 488 844 ) (-40 488 1088 ) (-40 1044 1088 ) (-40 1044 844 ) 
4 7 20 (-40 488 1088 ) (-40 488 844 ) (152 488 844 ) (152 488 1088 ) 
4 7 19 (152 488 844 ) (240 488 844 ) (240 488 1088 ) (152 488 1088 ) 
4 7 14 (152 488 844 ) (-40 488 844 ) (-40 1044 844 ) (152 1044 844 ) 
4 7 11 (176 488 844 ) (152 488 844 ) (152 708 844 ) (176 708 844 ) 
4 7 10 (208 488 844 ) (176 488 844 ) (176 708 844 ) (208 708 844 ) 
4 7 8 (240 1044 844 ) (240 708 844 ) (152 708 844 ) (152 1044 844 ) 
4 8 15 (240 1044 768 ) (240 708 768 ) (152 708 768 ) (152 1044 768 ) 
4 8 14 (152 1044 844 ) (152 1044 796 ) (152 708 796 ) (152 708 844 ) 
4 8 13 (152 708 768 ) (176 708 768 ) (176 708 784 ) (152 708 784 ) 
4 8 12 (176 708 768 ) (208 708 768 ) (208 708 800 ) (176 708 800 ) 
4 8 11 (176 708 844 ) (152 708 844 ) (152 708 812 ) (176 708 812 ) 
4 8 10 (208 708 828 ) (208 708 844 ) (176 708 844 ) (176 708 828 ) 
4 8 9 (208 708 768 ) (240 708 768 ) (240 708 816 ) (208 708 816 ) 
4 9 19 (208 488 768 ) (240 488 768 ) (240 488 816 ) (208 488 816 ) 
4 9 15 (240 708 768 ) (240 488 768 ) (208 488 768 ) (208 708 768 ) 
4 9 12 (208 708 768 ) (208 488 768 ) (208 488 800 ) (208 708 800 ) 
4 10 19 (208 488 828 ) (208 488 844 ) (176 488 844 ) (176 488 828 ) 
4 10 11 (176 488 828 ) (176 488 844 ) (176 708 844 ) (176 708 828 ) 
4 11 19 (176 488 844 ) (152 488 844 ) (152 488 812 ) (176 488 812 ) 
4 11 14 (152 488 812 ) (152 488 844 ) (152 708 844 ) (152 708 812 ) 
4 12 19 (176 488 768 ) (208 488 768 ) (208 488 800 ) (176 488 800 ) 
4 12 15 (208 488 768 ) (176 488 768 ) (176 708 768 ) (208 708 768 ) 
4 12 13 (176 708 768 ) (176 488 768 ) (176 488 784 ) (176 708 784 ) 
4 13 19 (152 488 768 ) (176 488 768 ) (176 488 784 ) (152 488 784 ) 
4 13 15 (176 488 768 ) (152 488 768 ) (152 708 768 ) (176 708 768 ) 
4 14 63 (-40 488 796 ) (-40 488 844 ) (-40 1044 844 ) (-40 1044 796 ) 
4 14 20 (-40 488 844 ) (-40 488 796 ) (152 488 796 ) (152 488 844 ) 
4 15 72 (-40 1044 508 ) (-40 488 508 ) (-40 488 768 ) (-40 1044 768 ) 
4 15 24 (-40 1040 508 ) (-40 1044 508 ) (120 1044 508 ) (120 1040 508 ) 
4 15 23 (120 1044 508 ) (240 1044 508 ) (240 488 508 ) (120 488 508 ) 
4 15 21 (-40 488 768 ) (-40 488 508 ) (152 488 508 ) (152 488 768 ) 
4 15 19 (152 488 508 ) (240 488 508 ) (240 488 768 ) (152 488 768 ) 
4 16 122 (-40 0 1244 ) (-40 0 1216 ) (960 0 1216 ) (960 0 1244 ) 
4 16 77 (-40 0 1216 ) (-40 0 1244 ) (-40 488 1244 ) (-40 488 1216 ) 
4 16 17 (928 488 1216 ) (960 488 1216 ) (960 0 1216 ) (928 0 1216 ) 
4 17 123 (928 0 1088 ) (960 0 1088 ) (960 0 1216 ) (928 0 1216 ) 
4 18 124 (-40 0 1216 ) (-40 0 1088 ) (928 0 1088 ) (928 0 1216 ) 
4 18 78 (-40 0 1088 ) (-40 0 1216 ) (-40 488 1216 ) (-40 488 1088 ) 
4 18 20 (152 0 1088 ) (-40 0 1088 ) (-40 488 1088 ) (152 488 1088 ) 
4 18 19 (884 0 1088 ) (152 0 1088 ) (152 488 1088 ) (884 488 1088 ) 
4 19 128 (272 0 768 ) (272 0 860 ) (152 0 860 ) (152 0 768 ) 
4 19 137 (152 0 508 ) (272 0 508 ) (272 0 768 ) (152 0 768 ) 
4 19 126 (272 0 508 ) (884 0 508 ) (884 0 860 ) (272 0 860 ) 
4 19 125 (884 0 860 ) (884 0 1088 ) (152 0 1088 ) (152 0 860 ) 
4 19 31 (152 296 508 ) (152 392 508 ) (884 392 508 ) (884 296 508 ) 
4 19 35 (884 0 508 ) (152 0 508 ) (152 296 508 ) (884 296 508 ) 
4 19 23 (152 392 508 ) (152 488 508 ) (880 488 508 ) (880 392 508 ) 
4 19 22 (880 488 508 ) (884 488 508 ) (884 392 508 ) (880 392 508 ) 
4 19 20 (152 0 1088 ) (152 488 1088 ) (152 488 796 ) (152 0 796 ) 
4 19 21 (152 488 768 ) (152 488 508 ) (152 0 508 ) (152 0 768 ) 
4 20 129 (-40 0 860 ) (-40 0 796 ) (152 0 796 ) (152 0 860 ) 
4 20 125 (-40 0 1088 ) (-40 0 860 ) (152 0 860 ) (152 0 1088 ) 
4 20 79 (-40 0 796 ) (-40 0 1088 ) (-40 488 1088 ) (-40 488 796 ) 
4 21 137 (-40 0 768 ) (-40 0 508 ) (152 0 508 ) (152 0 768 ) 
4 21 80 (-40 488 508 ) (-40 0 508 ) (-40 0 768 ) (-40 488 768 ) 
4 21 31 (120 296 508 ) (120 392 508 ) (152 392 508 ) (152 296 508 ) 
4 21 35 (152 0 508 ) (120 0 508 ) (120 296 508 ) (152 296 508 ) 
4 21 23 (120 488 508 ) (152 488 508 ) (152 392 508 ) (120 392 508 ) 
4 22 50 (880 392 356 ) (880 392 16 ) (884 392 16 ) (884 392 356 ) 
4 22 37 (880 392 480 ) (880 392 356 ) (884 392 356 ) (884 392 480 ) 
4 22 33 (880 392 484 ) (880 392 480 ) (884 392 480 ) (884 392 484 ) 
4 22 32 (880 392 496 ) (880 392 484 ) (884 392 484 ) (884 392 496 ) 
4 22 31 (884 392 508 ) (880 392 508 ) (880 392 496 ) (884 392 496 ) 
4 22 29 (880 392 16 ) (880 392 48 ) (880 1040 48 ) (880 1040 16 ) 
4 22 28 (880 392 48 ) (880 392 356 ) (880 1040 356 ) (880 1040 48 ) 
4 22 27 (880 1040 356 ) (880 1044 356 ) (880 1044 16 ) (880 1040 16 ) 
4 22 23 (880 392 356 ) (880 392 508 ) (880 1044 508 ) (880 1044 356 ) 
4 23 45 (120 392 372 ) (120 392 356 ) (880 392 356 ) (880 392 372 ) 
4 23 39 (864 392 372 ) (880 392 372 ) (880 392 472 ) (864 392 472 ) 
4 23 38 (880 392 472 ) (880 392 480 ) (864 392 480 ) (864 392 472 ) 
4 23 41 (120 392 480 ) (120 392 372 ) (864 392 372 ) (864 392 480 ) 
4 23 33 (120 392 484 ) (120 392 480 ) (880 392 480 ) (880 392 484 ) 
4 23 32 (140 392 484 ) (880 392 484 ) (880 392 496 ) (140 392 496 ) 
4 23 31 (880 392 508 ) (120 392 508 ) (120 392 496 ) (880 392 496 ) 
4 23 28 (880 1040 356 ) (880 392 356 ) (120 392 356 ) (120 1040 356 ) 
4 23 27 (120 1044 356 ) (880 1044 356 ) (880 1040 356 ) (120 1040 356 ) 
4 23 26 (120 392 356 ) (120 392 372 ) (120 1040 372 ) (120 1040 356 ) 
4 23 25 (120 392 372 ) (120 392 492 ) (120 1040 492 ) (120 1040 372 ) 
4 23 24 (120 1040 508 ) (120 1044 508 ) (120 1044 356 ) (120 1040 356 ) 
4 24 83 (-40 1040 508 ) (-40 1044 508 ) (-40 1044 356 ) (-40 1040 356 ) 
4 24 30 (-40 1044 356 ) (0 1044 356 ) (0 1040 356 ) (-40 1040 356 ) 
4 24 27 (0 1044 356 ) (120 1044 356 ) (120 1040 356 ) (0 1040 356 ) 
4 24 26 (64 1040 356 ) (120 1040 356 ) (120 1040 372 ) (64 1040 372 ) 
4 24 25 (120 1040 372 ) (120 1040 492 ) (-40 1040 492 ) (-40 1040 372 ) 
4 25 84 (-40 392 372 ) (-40 392 492 ) (-40 1040 492 ) (-40 1040 372 ) 
4 25 42 (116 392 372 ) (120 392 372 ) (120 392 480 ) (116 392 480 ) 
4 25 44 (-40 392 480 ) (-40 392 372 ) (116 392 372 ) (116 392 480 ) 
4 25 36 (-40 392 492 ) (-40 392 480 ) (120 392 480 ) (120 392 492 ) 
4 25 26 (64 1040 372 ) (120 1040 372 ) (120 392 372 ) (64 392 372 ) 
4 26 45 (64 392 356 ) (120 392 356 ) (120 392 372 ) (64 392 372 ) 
4 26 28 (120 1040 356 ) (120 392 356 ) (64 392 356 ) (64 1040 356 ) 
4 27 30 (0 1040 88 ) (0 1040 356 ) (0 1044 356 ) (0 1044 88 ) 
4 27 29 (880 1040 16 ) (880 1040 48 ) (0 1040 48 ) (0 1040 16 ) 
4 27 28 (880 1040 48 ) (880 1040 356 ) (0 1040 356 ) (0 1040 48 ) 
4 28 52 (880 392 48 ) (880 392 96 ) (0 392 96 ) (0 392 48 ) 
4 28 51 (880 392 96 ) (880 392 356 ) (0 392 356 ) (0 392 96 ) 
4 28 30 (0 392 88 ) (0 392 356 ) (0 1040 356 ) (0 1040 88 ) 
4 28 29 (880 392 48 ) (0 392 48 ) (0 1040 48 ) (880 1040 48 ) 
4 29 53 (880 392 16 ) (880 392 48 ) (0 392 48 ) (0 392 16 ) 
4 30 84 (-40 392 88 ) (-40 392 356 ) (-40 1040 356 ) (-40 1040 88 ) 
4 30 83 (-40 1040 356 ) (-40 1044 356 ) (-40 1044 88 ) (-40 1040 88 ) 
4 30 55 (-40 392 356 ) (-40 392 88 ) (0 392 88 ) (0 392 356 ) 
4 31 32 (140 392 496 ) (884 392 496 ) (884 296 496 ) (140 296 496 ) 
4 31 35 (884 296 496 ) (884 296 508 ) (120 296 508 ) (120 296 496 ) 
4 32 34 (884 296 484 ) (140 296 484 ) (140 304 484 ) (884 304 484 ) 
4 32 33 (140 384 484 ) (140 392 484 ) (884 392 484 ) (884 384 484 ) 
4 32 35 (884 296 484 ) (884 296 496 ) (140 296 496 ) (140 296 484 ) 
4 33 38 (864 392 480 ) (880 392 480 ) (880 384 480 ) (864 384 480 ) 
4 33 41 (120 392 480 ) (864 392 480 ) (864 384 480 ) (120 384 480 ) 
4 33 37 (880 392 480 ) (884 392 480 ) (884 384 480 ) (880 384 480 ) 
4 33 36 (120 392 484 ) (120 392 480 ) (120 384 480 ) (120 384 484 ) 
4 34 48 (880 296 480 ) (120 296 480 ) (120 304 480 ) (880 304 480 ) 
4 34 37 (884 304 480 ) (884 296 480 ) (880 296 480 ) (880 304 480 ) 
4 34 36 (120 304 480 ) (120 296 480 ) (120 296 484 ) (120 304 484 ) 
4 34 35 (120 296 480 ) (884 296 480 ) (884 296 484 ) (120 296 484 ) 
4 35 145 (884 0 480 ) (884 0 508 ) (120 0 508 ) (120 0 480 ) 
4 35 48 (880 0 480 ) (120 0 480 ) (120 296 480 ) (880 296 480 ) 
4 35 37 (884 296 480 ) (884 0 480 ) (880 0 480 ) (880 296 480 ) 
4 35 36 (120 0 480 ) (120 0 492 ) (120 296 492 ) (120 296 480 ) 
4 36 151 (-40 0 492 ) (-40 0 480 ) (120 0 480 ) (120 0 492 ) 
4 36 90 (-40 0 480 ) (-40 0 492 ) (-40 392 492 ) (-40 392 480 ) 
4 36 49 (64 0 480 ) (-40 0 480 ) (-40 308 480 ) (64 308 480 ) 
4 36 47 (116 304 480 ) (64 304 480 ) (64 308 480 ) (116 308 480 ) 
4 36 48 (120 304 480 ) (120 0 480 ) (64 0 480 ) (64 304 480 ) 
4 36 42 (116 392 480 ) (120 392 480 ) (120 384 480 ) (116 384 480 ) 
4 36 43 (120 380 480 ) (120 308 480 ) (116 308 480 ) (116 380 480 ) 
4 36 44 (-40 392 480 ) (116 392 480 ) (116 308 480 ) (-40 308 480 ) 
4 37 152 (884 0 356 ) (884 0 480 ) (880 0 480 ) (880 0 356 ) 
4 37 50 (884 0 356 ) (880 0 356 ) (880 392 356 ) (884 392 356 ) 
4 37 46 (880 304 372 ) (880 304 480 ) (880 308 480 ) (880 308 372 ) 
4 37 48 (880 304 356 ) (880 0 356 ) (880 0 480 ) (880 304 480 ) 
4 37 45 (880 392 356 ) (880 384 356 ) (880 384 372 ) (880 392 372 ) 
4 37 40 (880 316 464 ) (880 372 464 ) (880 372 380 ) (880 316 380 ) 
4 37 39 (880 380 472 ) (880 392 472 ) (880 392 372 ) (880 380 372 ) 
4 37 38 (880 308 472 ) (880 308 480 ) (880 392 480 ) (880 392 472 ) 
4 38 46 (880 308 472 ) (880 308 480 ) (864 308 480 ) (864 308 472 ) 
4 38 39 (864 380 472 ) (864 392 472 ) (880 392 472 ) (880 380 472 ) 
4 38 41 (864 308 472 ) (864 308 480 ) (864 392 480 ) (864 392 472 ) 
4 39 45 (864 392 372 ) (880 392 372 ) (880 384 372 ) (864 384 372 ) 
4 39 41 (864 392 372 ) (864 380 372 ) (864 380 472 ) (864 392 472 ) 
4 40 41 (864 316 464 ) (864 372 464 ) (864 372 380 ) (864 316 380 ) 
4 41 46 (120 308 372 ) (864 308 372 ) (864 308 480 ) (120 308 480 ) 
4 41 45 (120 392 372 ) (864 392 372 ) (864 384 372 ) (120 384 372 ) 
4 41 42 (120 392 480 ) (120 392 372 ) (120 384 372 ) (120 384 480 ) 
4 41 43 (120 380 372 ) (120 308 372 ) (120 308 480 ) (120 380 480 ) 
4 42 45 (116 392 372 ) (120 392 372 ) (120 384 372 ) (116 384 372 ) 
4 42 44 (116 392 372 ) (116 384 372 ) (116 384 480 ) (116 392 480 ) 
4 43 44 (116 380 372 ) (116 308 372 ) (116 308 480 ) (116 380 480 ) 
4 44 99 (-40 308 480 ) (-40 380 480 ) (-40 380 372 ) (-40 308 372 ) 
4 44 97 (-40 380 480 ) (-40 392 480 ) (-40 392 372 ) (-40 380 372 ) 
4 44 49 (-40 308 480 ) (-40 308 372 ) (64 308 372 ) (64 308 480 ) 
4 44 47 (64 308 372 ) (116 308 372 ) (116 308 480 ) (64 308 480 ) 
4 44 45 (64 392 372 ) (116 392 372 ) (116 384 372 ) (64 384 372 ) 
4 45 51 (64 392 356 ) (880 392 356 ) (880 384 356 ) (64 384 356 ) 
4 46 48 (880 304 372 ) (880 304 480 ) (120 304 480 ) (120 304 372 ) 
4 47 49 (64 308 480 ) (64 308 372 ) (64 304 372 ) (64 304 480 ) 
4 47 48 (116 304 480 ) (64 304 480 ) (64 304 372 ) (116 304 372 ) 
4 48 152 (880 0 480 ) (64 0 480 ) (64 0 356 ) (880 0 356 ) 
4 48 54 (880 0 356 ) (64 0 356 ) (64 80 356 ) (880 80 356 ) 
4 48 51 (64 80 356 ) (64 304 356 ) (880 304 356 ) (880 80 356 ) 
4 48 49 (64 0 372 ) (64 0 480 ) (64 304 480 ) (64 304 372 ) 
4 49 153 (64 0 480 ) (-40 0 480 ) (-40 0 372 ) (64 0 372 ) 
4 49 100 (-40 304 480 ) (-40 308 480 ) (-40 308 372 ) (-40 304 372 ) 
4 49 112 (-40 0 372 ) (-40 0 480 ) (-40 304 480 ) (-40 304 372 ) 
4 50 166 (884 0 16 ) (884 0 356 ) (880 0 356 ) (880 0 16 ) 
4 50 54 (880 0 100 ) (880 0 356 ) (880 80 356 ) (880 80 100 ) 
4 50 53 (880 392 48 ) (880 392 16 ) (880 80 16 ) (880 80 48 ) 
4 50 52 (880 392 96 ) (880 392 48 ) (880 80 48 ) (880 80 96 ) 
4 50 51 (880 392 356 ) (880 392 96 ) (880 80 96 ) (880 80 356 ) 
4 51 57 (0 96 108 ) (0 96 96 ) (0 80 96 ) (0 80 108 ) 
4 51 56 (0 80 356 ) (0 96 356 ) (0 96 108 ) (0 80 108 ) 
4 51 55 (0 96 356 ) (0 392 356 ) (0 392 96 ) (0 96 96 ) 
4 51 54 (0 80 356 ) (0 80 100 ) (880 80 100 ) (880 80 356 ) 
5 51 52 (0 96 96 ) (0 392 96 ) (880 392 96 ) (880 80 96 ) (16 80 96 ) 
4 52 55 (0 392 96 ) (0 392 88 ) (0 96 88 ) (0 96 96 ) 
5 52 53 (880 80 48 ) (16 80 48 ) (0 96 48 ) (0 392 48 ) (880 392 48 ) 
4 54 167 (880 0 100 ) (880 0 356 ) (0 0 356 ) (0 0 100 ) 
4 54 58 (0 64 108 ) (0 80 108 ) (0 80 100 ) (0 64 100 ) 
4 54 56 (0 0 108 ) (0 0 356 ) (0 80 356 ) (0 80 108 ) 
4 55 113 (-40 96 88 ) (-40 96 356 ) (-40 392 356 ) (-40 392 88 ) 
4 55 57 (-40 96 108 ) (-40 96 96 ) (0 96 96 ) (0 96 108 ) 
4 55 56 (-40 96 356 ) (-40 96 108 ) (0 96 108 ) (0 96 356 ) 
4 56 167 (0 0 108 ) (0 0 356 ) (-40 0 356 ) (-40 0 108 ) 
4 56 116 (-40 0 108 ) (-40 0 356 ) (-40 64 356 ) (-40 64 108 ) 
4 56 115 (-40 64 356 ) (-40 80 356 ) (-40 80 108 ) (-40 64 108 ) 
4 56 114 (-40 80 356 ) (-40 96 356 ) (-40 96 108 ) (-40 80 108 ) 
4 56 58 (-40 64 108 ) (-40 80 108 ) (0 80 108 ) (0 64 108 ) 
4 56 57 (-40 80 108 ) (-40 96 108 ) (0 96 108 ) (0 80 108 ) 
4 57 114 (-40 80 96 ) (-40 80 108 ) (-40 96 108 ) (-40 96 96 ) 
4 57 58 (-40 80 108 ) (-40 80 100 ) (0 80 100 ) (0 80 108 ) 
4 58 115 (-40 64 100 ) (-40 64 108 ) (-40 80 108 ) (-40 80 100 ) 
4 59 77 (-40 488 1216 ) (-40 488 1244 ) (-1008 488 1244 ) (-1008 488 1216 ) 
4 59 76 (-1008 488 1216 ) (-1008 488 1244 ) (-1008 1104 1244 ) (-1008 1104 1216 ) 
4 59 60 (-1008 1072 1216 ) (-1008 1104 1216 ) (-40 1104 1216 ) (-40 1072 1216 ) 
4 60 76 (-1008 1072 1216 ) (-1008 1104 1216 ) (-1008 1104 1088 ) (-1008 1072 1088 ) 
4 61 78 (-40 488 1088 ) (-40 488 1216 ) (-1008 488 1216 ) (-1008 488 1088 ) 
4 61 74 (-220 488 1088 ) (-980 488 1088 ) (-980 708 1088 ) (-220 708 1088 ) 
4 61 73 (-980 708 1088 ) (-980 1044 1088 ) (-220 1044 1088 ) (-220 708 1088 ) 
4 61 62 (-40 488 1088 ) (-220 488 1088 ) (-220 1044 1088 ) (-40 1044 1088 ) 
4 62 81 (-100 488 1088 ) (-220 488 1088 ) (-220 488 844 ) (-100 488 844 ) 
4 62 79 (-40 488 844 ) (-40 488 1088 ) (-100 488 1088 ) (-100 488 844 ) 
4 62 74 (-220 488 860 ) (-220 488 1088 ) (-220 708 1088 ) (-220 708 860 ) 
4 62 73 (-220 708 1088 ) (-220 1044 1088 ) (-220 1044 844 ) (-220 708 844 ) 
4 62 69 (-156 488 844 ) (-188 488 844 ) (-188 708 844 ) (-156 708 844 ) 
4 62 67 (-124 488 844 ) (-156 488 844 ) (-156 708 844 ) (-124 708 844 ) 
4 62 66 (-220 708 844 ) (-220 1044 844 ) (-124 1044 844 ) (-124 708 844 ) 
4 62 65 (-100 488 844 ) (-124 488 844 ) (-124 708 844 ) (-100 708 844 ) 
4 62 64 (-124 708 844 ) (-124 1044 844 ) (-100 1044 844 ) (-100 708 844 ) 
4 62 63 (-40 488 844 ) (-100 488 844 ) (-100 1044 844 ) (-40 1044 844 ) 
4 63 79 (-40 488 796 ) (-40 488 844 ) (-100 488 844 ) (-100 488 796 ) 
4 63 65 (-100 488 796 ) (-100 488 844 ) (-100 708 844 ) (-100 708 796 ) 
4 63 64 (-100 708 844 ) (-100 1044 844 ) (-100 1044 796 ) (-100 708 796 ) 
4 64 72 (-124 708 768 ) (-124 1044 768 ) (-100 1044 768 ) (-100 708 768 ) 
4 64 66 (-124 1044 844 ) (-124 1044 768 ) (-124 708 768 ) (-124 708 844 ) 
4 64 65 (-124 708 844 ) (-124 708 796 ) (-100 708 796 ) (-100 708 844 ) 
4 65 81 (-100 488 844 ) (-124 488 844 ) (-124 488 796 ) (-100 488 796 ) 
4 65 67 (-124 488 812 ) (-124 488 844 ) (-124 708 844 ) (-124 708 812 ) 
4 66 73 (-220 708 844 ) (-220 1044 844 ) (-220 1044 768 ) (-220 708 768 ) 
4 66 72 (-220 708 768 ) (-220 1044 768 ) (-124 1044 768 ) (-124 708 768 ) 
4 66 71 (-220 708 768 ) (-188 708 768 ) (-188 708 816 ) (-220 708 816 ) 
4 66 69 (-156 708 828 ) (-156 708 844 ) (-188 708 844 ) (-188 708 828 ) 
4 66 70 (-188 708 768 ) (-156 708 768 ) (-156 708 800 ) (-188 708 800 ) 
4 66 68 (-156 708 768 ) (-124 708 768 ) (-124 708 784 ) (-156 708 784 ) 
4 66 67 (-124 708 812 ) (-124 708 844 ) (-156 708 844 ) (-156 708 812 ) 
4 67 81 (-124 488 844 ) (-156 488 844 ) (-156 488 812 ) (-124 488 812 ) 
4 67 69 (-156 488 828 ) (-156 488 844 ) (-156 708 844 ) (-156 708 828 ) 
4 68 81 (-156 488 784 ) (-156 488 768 ) (-124 488 768 ) (-124 488 784 ) 
4 68 72 (-124 488 768 ) (-156 488 768 ) (-156 708 768 ) (-124 708 768 ) 
4 68 70 (-156 708 768 ) (-156 488 768 ) (-156 488 784 ) (-156 708 784 ) 
4 69 81 (-156 488 844 ) (-188 488 844 ) (-188 488 828 ) (-156 488 828 ) 
4 70 81 (-188 488 800 ) (-188 488 768 ) (-156 488 768 ) (-156 488 800 ) 
4 70 72 (-156 488 768 ) (-188 488 768 ) (-188 708 768 ) (-156 708 768 ) 
4 70 71 (-188 708 800 ) (-188 708 768 ) (-188 488 768 ) (-188 488 800 ) 
4 71 81 (-220 488 816 ) (-220 488 768 ) (-188 488 768 ) (-188 488 816 ) 
4 71 75 (-220 488 768 ) (-220 488 816 ) (-220 708 816 ) (-220 708 768 ) 
4 71 72 (-188 488 768 ) (-220 488 768 ) (-220 708 768 ) (-188 708 768 ) 
4 72 83 (-40 1044 508 ) (-40 1040 508 ) (-100 1040 508 ) (-100 1044 508 ) 
4 72 85 (-100 488 508 ) (-220 488 508 ) (-220 1044 508 ) (-100 1044 508 ) 
4 72 81 (-220 488 508 ) (-100 488 508 ) (-100 488 768 ) (-220 488 768 ) 
4 72 80 (-100 488 508 ) (-40 488 508 ) (-40 488 768 ) (-100 488 768 ) 
4 72 75 (-220 708 508 ) (-220 488 508 ) (-220 488 768 ) (-220 708 768 ) 
4 72 73 (-220 1044 508 ) (-220 708 508 ) (-220 708 768 ) (-220 1044 768 ) 
4 73 85 (-220 1044 508 ) (-220 708 508 ) (-980 708 508 ) (-980 1044 508 ) 
4 73 74 (-220 708 860 ) (-220 708 1088 ) (-980 708 1088 ) (-980 708 860 ) 
4 73 75 (-980 708 508 ) (-220 708 508 ) (-220 708 832 ) (-980 708 832 ) 
4 74 81 (-220 488 860 ) (-220 488 1088 ) (-980 488 1088 ) (-980 488 860 ) 
4 75 85 (-220 708 508 ) (-220 488 508 ) (-980 488 508 ) (-980 708 508 ) 
4 75 81 (-980 488 508 ) (-220 488 508 ) (-220 488 832 ) (-980 488 832 ) 
4 76 82 (-1040 488 1088 ) (-1008 488 1088 ) (-1008 488 1244 ) (-1040 488 1244 ) 
4 77 176 (-40 0 1216 ) (-40 0 1244 ) (-1008 0 1244 ) (-1008 0 1216 ) 
4 77 82 (-1008 488 1244 ) (-1008 488 1216 ) (-1008 0 1216 ) (-1008 0 1244 ) 
4 78 177 (-40 0 1088 ) (-40 0 1216 ) (-1008 0 1216 ) (-1008 0 1088 ) 
4 78 81 (-100 0 1088 ) (-980 0 1088 ) (-980 488 1088 ) (-100 488 1088 ) 
4 78 79 (-40 0 1088 ) (-100 0 1088 ) (-100 488 1088 ) (-40 488 1088 ) 
4 79 178 (-40 0 796 ) (-40 0 1088 ) (-100 0 1088 ) (-100 0 796 ) 
4 79 81 (-100 0 1088 ) (-100 488 1088 ) (-100 488 796 ) (-100 0 796 ) 
4 80 187 (-40 0 508 ) (-40 0 768 ) (-100 0 768 ) (-100 0 508 ) 
4 80 81 (-100 488 768 ) (-100 488 508 ) (-100 0 508 ) (-100 0 768 ) 
4 81 188 (-188 0 1088 ) (-980 0 1088 ) (-980 0 508 ) (-188 0 508 ) 
4 81 179 (-100 0 1088 ) (-188 0 1088 ) (-188 0 768 ) (-100 0 768 ) 
4 81 187 (-188 0 768 ) (-188 0 508 ) (-100 0 508 ) (-100 0 768 ) 
4 81 91 (-976 296 508 ) (-976 392 508 ) (-100 392 508 ) (-100 296 508 ) 
4 81 95 (-100 0 508 ) (-976 0 508 ) (-976 296 508 ) (-100 296 508 ) 
4 81 96 (-976 0 508 ) (-980 0 508 ) (-980 392 508 ) (-976 392 508 ) 
4 81 85 (-980 392 508 ) (-980 488 508 ) (-100 488 508 ) (-100 392 508 ) 
4 82 191 (-1040 0 1088 ) (-1008 0 1088 ) (-1008 0 1244 ) (-1040 0 1244 ) 
4 83 86 (-100 1044 88 ) (-96 1044 88 ) (-96 1040 88 ) (-100 1040 88 ) 
4 83 84 (-100 1040 88 ) (-40 1040 88 ) (-40 1040 492 ) (-100 1040 492 ) 
4 83 85 (-100 1044 508 ) (-100 1044 88 ) (-100 1040 88 ) (-100 1040 508 ) 
4 84 118 (-100 392 96 ) (-100 392 88 ) (-96 392 88 ) (-96 392 96 ) 
4 84 117 (-100 392 356 ) (-100 392 96 ) (-96 392 96 ) (-96 392 356 ) 
4 84 113 (-96 392 88 ) (-40 392 88 ) (-40 392 356 ) (-96 392 356 ) 
4 84 111 (-100 392 372 ) (-100 392 356 ) (-40 392 356 ) (-40 392 372 ) 
4 84 98 (-100 392 480 ) (-100 392 372 ) (-96 392 372 ) (-96 392 480 ) 
4 84 97 (-96 392 372 ) (-40 392 372 ) (-40 392 480 ) (-96 392 480 ) 
4 84 90 (-100 392 492 ) (-100 392 480 ) (-40 392 480 ) (-40 392 492 ) 
4 84 86 (-96 392 88 ) (-100 392 88 ) (-100 1040 88 ) (-96 1040 88 ) 
4 84 85 (-100 1040 88 ) (-100 392 88 ) (-100 392 492 ) (-100 1040 492 ) 
4 85 118 (-980 392 96 ) (-980 392 88 ) (-100 392 88 ) (-100 392 96 ) 
4 85 117 (-980 392 356 ) (-980 392 96 ) (-100 392 96 ) (-100 392 356 ) 
4 85 111 (-980 392 372 ) (-980 392 356 ) (-100 392 356 ) (-100 392 372 ) 
4 85 103 (-980 392 472 ) (-980 392 372 ) (-960 392 372 ) (-960 392 472 ) 
4 85 102 (-980 392 480 ) (-980 392 472 ) (-960 392 472 ) (-960 392 480 ) 
4 85 101 (-960 392 372 ) (-100 392 372 ) (-100 392 480 ) (-960 392 480 ) 
4 85 93 (-976 392 484 ) (-976 392 480 ) (-100 392 480 ) (-100 392 484 ) 
4 85 92 (-976 392 496 ) (-976 392 484 ) (-120 392 484 ) (-120 392 496 ) 
4 85 91 (-100 392 508 ) (-976 392 508 ) (-976 392 496 ) (-100 392 496 ) 
4 85 96 (-976 392 508 ) (-980 392 508 ) (-980 392 480 ) (-976 392 480 ) 
4 85 86 (-980 392 88 ) (-980 1044 88 ) (-100 1044 88 ) (-100 392 88 ) 
4 86 118 (-980 392 88 ) (-980 392 48 ) (-96 392 48 ) (-96 392 88 ) 
4 86 88 (-96 392 48 ) (-980 392 48 ) (-980 1040 48 ) (-96 1040 48 ) 
4 86 87 (-980 1040 48 ) (-980 1044 48 ) (-96 1044 48 ) (-96 1040 48 ) 
4 87 89 (-980 1044 24 ) (-96 1044 24 ) (-96 1040 24 ) (-980 1040 24 ) 
4 87 88 (-96 1040 24 ) (-96 1040 48 ) (-980 1040 48 ) (-980 1040 24 ) 
4 88 119 (-980 392 48 ) (-980 392 24 ) (-96 392 24 ) (-96 392 48 ) 
4 88 89 (-96 1040 24 ) (-96 392 24 ) (-980 392 24 ) (-980 1040 24 ) 
4 89 120 (-980 392 24 ) (-980 392 16 ) (-96 392 16 ) (-96 392 24 ) 
4 90 199 (-40 0 480 ) (-40 0 492 ) (-100 0 492 ) (-100 0 480 ) 
4 90 100 (-40 308 480 ) (-40 304 480 ) (-96 304 480 ) (-96 308 480 ) 
4 90 99 (-40 380 480 ) (-40 308 480 ) (-100 308 480 ) (-100 380 480 ) 
4 90 98 (-100 392 480 ) (-96 392 480 ) (-96 384 480 ) (-100 384 480 ) 
4 90 97 (-96 392 480 ) (-40 392 480 ) (-40 380 480 ) (-96 380 480 ) 
4 90 112 (-40 304 480 ) (-40 0 480 ) (-100 0 480 ) (-100 304 480 ) 
4 90 93 (-100 392 484 ) (-100 392 480 ) (-100 384 480 ) (-100 384 484 ) 
4 90 94 (-100 304 480 ) (-100 296 480 ) (-100 296 484 ) (-100 304 484 ) 
4 90 95 (-100 0 480 ) (-100 0 492 ) (-100 296 492 ) (-100 296 480 ) 
4 91 92 (-976 296 496 ) (-976 392 496 ) (-120 392 496 ) (-120 296 496 ) 
4 91 95 (-100 296 496 ) (-100 296 508 ) (-976 296 508 ) (-976 296 496 ) 
4 91 96 (-976 392 508 ) (-976 392 496 ) (-976 296 496 ) (-976 296 508 ) 
4 92 93 (-976 384 484 ) (-976 392 484 ) (-120 392 484 ) (-120 384 484 ) 
4 92 94 (-120 296 484 ) (-976 296 484 ) (-976 304 484 ) (-120 304 484 ) 
4 92 95 (-120 296 496 ) (-976 296 496 ) (-976 296 484 ) (-120 296 484 ) 
4 92 96 (-976 392 496 ) (-976 392 484 ) (-976 296 484 ) (-976 296 496 ) 
4 93 102 (-976 392 480 ) (-960 392 480 ) (-960 384 480 ) (-976 384 480 ) 
4 93 101 (-960 392 480 ) (-100 392 480 ) (-100 384 480 ) (-960 384 480 ) 
4 93 96 (-976 392 484 ) (-976 392 480 ) (-976 384 480 ) (-976 384 484 ) 
4 94 112 (-100 304 480 ) (-100 296 480 ) (-976 296 480 ) (-976 304 480 ) 
4 94 95 (-976 296 480 ) (-100 296 480 ) (-100 296 484 ) (-976 296 484 ) 
4 94 96 (-976 304 480 ) (-976 296 480 ) (-976 296 484 ) (-976 304 484 ) 
4 95 203 (-128 0 508 ) (-976 0 508 ) (-976 0 480 ) (-128 0 480 ) 
4 95 200 (-100 0 508 ) (-128 0 508 ) (-128 0 480 ) (-100 0 480 ) 
4 95 112 (-100 296 480 ) (-100 0 480 ) (-976 0 480 ) (-976 296 480 ) 
4 95 96 (-976 296 480 ) (-976 0 480 ) (-976 0 508 ) (-976 296 508 ) 
4 96 203 (-976 0 508 ) (-980 0 508 ) (-980 0 480 ) (-976 0 480 ) 
4 96 102 (-980 304 480 ) (-980 392 480 ) (-976 392 480 ) (-976 304 480 ) 
4 96 112 (-980 0 480 ) (-980 304 480 ) (-976 304 480 ) (-976 0 480 ) 
4 97 111 (-96 392 372 ) (-40 392 372 ) (-40 384 372 ) (-96 384 372 ) 
4 97 99 (-96 380 372 ) (-40 380 372 ) (-40 380 480 ) (-96 380 480 ) 
4 97 98 (-96 384 480 ) (-96 392 480 ) (-96 392 372 ) (-96 384 372 ) 
4 98 111 (-100 392 372 ) (-96 392 372 ) (-96 384 372 ) (-100 384 372 ) 
4 98 101 (-100 384 480 ) (-100 392 480 ) (-100 392 372 ) (-100 384 372 ) 
4 99 101 (-100 308 480 ) (-100 380 480 ) (-100 380 372 ) (-100 308 372 ) 
4 99 100 (-96 308 372 ) (-40 308 372 ) (-40 308 480 ) (-96 308 480 ) 
4 100 112 (-40 304 372 ) (-40 304 480 ) (-96 304 480 ) (-96 304 372 ) 
4 101 111 (-960 392 372 ) (-100 392 372 ) (-100 384 372 ) (-960 384 372 ) 
4 101 106 (-960 324 464 ) (-960 380 464 ) (-960 380 380 ) (-960 324 380 ) 
4 101 103 (-960 392 472 ) (-960 392 372 ) (-960 388 372 ) (-960 388 472 ) 
4 101 110 (-960 316 372 ) (-960 304 372 ) (-960 304 472 ) (-960 316 472 ) 
4 101 102 (-960 392 480 ) (-960 392 472 ) (-960 304 472 ) (-960 304 480 ) 
4 101 112 (-100 304 480 ) (-960 304 480 ) (-960 304 372 ) (-100 304 372 ) 
4 102 104 (-980 316 472 ) (-980 388 472 ) (-976 388 472 ) (-976 316 472 ) 
4 102 103 (-980 388 472 ) (-980 392 472 ) (-960 392 472 ) (-960 388 472 ) 
4 102 110 (-960 304 472 ) (-980 304 472 ) (-980 316 472 ) (-960 316 472 ) 
4 102 112 (-960 304 480 ) (-980 304 480 ) (-980 304 472 ) (-960 304 472 ) 
4 103 111 (-980 388 372 ) (-980 392 372 ) (-960 392 372 ) (-960 388 372 ) 
4 103 109 (-980 388 380 ) (-980 388 372 ) (-976 388 372 ) (-976 388 380 ) 
4 103 105 (-980 388 464 ) (-980 388 380 ) (-976 388 380 ) (-976 388 464 ) 
4 103 104 (-976 388 472 ) (-980 388 472 ) (-980 388 464 ) (-976 388 464 ) 
4 104 108 (-976 316 464 ) (-980 316 464 ) (-980 324 464 ) (-976 324 464 ) 
4 104 107 (-980 324 464 ) (-980 380 464 ) (-976 380 464 ) (-976 324 464 ) 
4 104 105 (-980 380 464 ) (-980 388 464 ) (-976 388 464 ) (-976 380 464 ) 
4 104 110 (-980 316 472 ) (-980 316 464 ) (-976 316 464 ) (-976 316 472 ) 
4 105 109 (-980 380 380 ) (-980 388 380 ) (-976 388 380 ) (-976 380 380 ) 
4 105 107 (-980 380 464 ) (-980 380 380 ) (-976 380 380 ) (-976 380 464 ) 
4 106 107 (-976 380 380 ) (-976 324 380 ) (-976 324 464 ) (-976 380 464 ) 
4 107 109 (-980 324 380 ) (-980 380 380 ) (-976 380 380 ) (-976 324 380 ) 
4 107 108 (-980 324 380 ) (-976 324 380 ) (-976 324 464 ) (-980 324 464 ) 
4 108 109 (-980 316 380 ) (-980 324 380 ) (-976 324 380 ) (-976 316 380 ) 
4 108 110 (-980 316 464 ) (-980 316 380 ) (-976 316 380 ) (-976 316 464 ) 
4 109 111 (-980 384 372 ) (-980 388 372 ) (-976 388 372 ) (-976 384 372 ) 
4 109 110 (-980 316 380 ) (-980 316 372 ) (-976 316 372 ) (-976 316 380 ) 
4 110 112 (-980 304 472 ) (-980 304 372 ) (-960 304 372 ) (-960 304 472 ) 
4 111 117 (-980 384 356 ) (-980 392 356 ) (-96 392 356 ) (-96 384 356 ) 
4 111 113 (-96 392 356 ) (-40 392 356 ) (-40 384 356 ) (-96 384 356 ) 
4 112 206 (-40 0 356 ) (-40 0 480 ) (-976 0 480 ) (-976 0 356 ) 
4 112 215 (-976 0 480 ) (-980 0 480 ) (-980 0 356 ) (-976 0 356 ) 
4 112 121 (-96 0 356 ) (-980 0 356 ) (-980 80 356 ) (-96 80 356 ) 
4 112 117 (-980 80 356 ) (-980 304 356 ) (-96 304 356 ) (-96 80 356 ) 
4 112 116 (-40 0 356 ) (-96 0 356 ) (-96 64 356 ) (-40 64 356 ) 
4 112 115 (-96 64 356 ) (-96 80 356 ) (-40 80 356 ) (-40 64 356 ) 
4 112 114 (-96 80 356 ) (-96 96 356 ) (-40 96 356 ) (-40 80 356 ) 
4 112 113 (-96 96 356 ) (-96 304 356 ) (-40 304 356 ) (-40 96 356 ) 
4 113 118 (-96 392 96 ) (-96 392 88 ) (-96 96 88 ) (-96 96 96 ) 
4 113 117 (-96 96 356 ) (-96 392 356 ) (-96 392 96 ) (-96 96 96 ) 
4 113 114 (-40 96 96 ) (-40 96 356 ) (-96 96 356 ) (-96 96 96 ) 
4 114 117 (-96 80 356 ) (-96 96 356 ) (-96 96 96 ) (-96 80 96 ) 
4 114 115 (-40 80 100 ) (-40 80 356 ) (-96 80 356 ) (-96 80 100 ) 
4 115 121 (-96 64 356 ) (-96 80 356 ) (-96 80 100 ) (-96 64 100 ) 
4 115 116 (-96 64 356 ) (-96 64 108 ) (-40 64 108 ) (-40 64 356 ) 
4 116 218 (-40 0 108 ) (-40 0 356 ) (-96 0 356 ) (-96 0 108 ) 
4 116 121 (-96 0 108 ) (-96 0 356 ) (-96 64 356 ) (-96 64 108 ) 
4 117 121 (-980 80 356 ) (-980 80 100 ) (-96 80 100 ) (-96 80 356 ) 
5 117 118 (-980 80 96 ) (-980 392 96 ) (-96 392 96 ) (-96 96 96 ) (-112 80 96 ) 
5 118 119 (-112 80 48 ) (-980 80 48 ) (-980 392 48 ) (-96 392 48 ) (-96 96 48 ) 
5 119 120 (-980 80 24 ) (-980 392 24 ) (-96 392 24 ) (-96 96 24 ) (-112 80 24 ) 
4 121 218 (-96 0 100 ) (-96 0 356 ) (-980 0 356 ) (-980 0 100 ) 
4 122 176 (-40 0 1244 ) (-40 0 1216 ) (-40 -616 1216 ) (-40 -616 1244 ) 
4 122 138 (-40 -616 1244 ) (-40 -616 1216 ) (960 -616 1216 ) (960 -616 1244 ) 
4 122 123 (960 -616 1216 ) (928 -616 1216 ) (928 0 1216 ) (960 0 1216 ) 
4 123 139 (928 -616 1088 ) (960 -616 1088 ) (960 -616 1216 ) (928 -616 1216 ) 
4 124 177 (-40 0 1216 ) (-40 0 1088 ) (-40 -616 1088 ) (-40 -616 1216 ) 
4 124 140 (-40 -616 1216 ) (-40 -616 1088 ) (928 -616 1088 ) (928 -616 1216 ) 
4 124 125 (-40 -616 1088 ) (-40 0 1088 ) (884 0 1088 ) (884 -616 1088 ) 
4 125 180 (-40 -396 860 ) (-40 -616 860 ) (-40 -616 1088 ) (-40 -396 1088 ) 
4 125 178 (-40 0 1088 ) (-40 0 860 ) (-40 -396 860 ) (-40 -396 1088 ) 
4 125 143 (-40 -616 1088 ) (-40 -616 860 ) (152 -616 860 ) (152 -616 1088 ) 
4 125 142 (152 -616 860 ) (884 -616 860 ) (884 -616 1088 ) (152 -616 1088 ) 
4 125 136 (176 -616 860 ) (-40 -616 860 ) (-40 -396 860 ) (176 -396 860 ) 
4 125 134 (208 -616 860 ) (176 -616 860 ) (176 -396 860 ) (208 -396 860 ) 
4 125 131 (240 -616 860 ) (208 -616 860 ) (208 -396 860 ) (240 -396 860 ) 
4 125 130 (272 -616 860 ) (240 -616 860 ) (240 -396 860 ) (272 -396 860 ) 
4 125 129 (-40 -396 860 ) (-40 0 860 ) (152 0 860 ) (152 -396 860 ) 
4 125 128 (152 0 860 ) (272 0 860 ) (272 -396 860 ) (152 -396 860 ) 
4 125 126 (272 -396 860 ) (272 0 860 ) (884 0 860 ) (884 -396 860 ) 
4 126 146 (884 -336 508 ) (884 -396 508 ) (272 -396 508 ) (272 -336 508 ) 
4 126 145 (272 0 508 ) (884 0 508 ) (884 -336 508 ) (272 -336 508 ) 
4 126 128 (272 -396 768 ) (272 -396 860 ) (272 0 860 ) (272 0 768 ) 
4 126 137 (272 0 508 ) (272 -396 508 ) (272 -396 768 ) (272 0 768 ) 
4 126 127 (272 -396 832 ) (272 -396 508 ) (884 -396 508 ) (884 -396 832 ) 
4 127 146 (884 -396 508 ) (884 -432 508 ) (272 -432 508 ) (272 -396 508 ) 
4 127 150 (884 -432 508 ) (884 -616 508 ) (272 -616 508 ) (272 -432 508 ) 
4 127 142 (272 -616 508 ) (884 -616 508 ) (884 -616 832 ) (272 -616 832 ) 
4 127 132 (272 -616 768 ) (272 -616 816 ) (272 -396 816 ) (272 -396 768 ) 
4 127 137 (272 -396 508 ) (272 -616 508 ) (272 -616 768 ) (272 -396 768 ) 
4 128 136 (176 -396 860 ) (152 -396 860 ) (152 -396 796 ) (176 -396 796 ) 
4 128 135 (176 -396 784 ) (176 -396 768 ) (208 -396 768 ) (208 -396 784 ) 
4 128 134 (208 -396 860 ) (176 -396 860 ) (176 -396 812 ) (208 -396 812 ) 
4 128 133 (208 -396 800 ) (208 -396 768 ) (240 -396 768 ) (240 -396 800 ) 
4 128 132 (272 -396 768 ) (272 -396 816 ) (240 -396 816 ) (240 -396 768 ) 
4 128 131 (240 -396 860 ) (208 -396 860 ) (208 -396 828 ) (240 -396 828 ) 
4 128 130 (272 -396 844 ) (272 -396 860 ) (240 -396 860 ) (240 -396 844 ) 
4 128 129 (152 0 860 ) (152 0 796 ) (152 -396 796 ) (152 -396 860 ) 
4 128 137 (272 0 768 ) (272 -396 768 ) (152 -396 768 ) (152 0 768 ) 
4 129 178 (-40 0 860 ) (-40 0 796 ) (-40 -396 796 ) (-40 -396 860 ) 
4 129 136 (152 -396 860 ) (-40 -396 860 ) (-40 -396 796 ) (152 -396 796 ) 
4 130 142 (272 -616 844 ) (272 -616 860 ) (240 -616 860 ) (240 -616 844 ) 
4 130 131 (240 -616 844 ) (240 -616 860 ) (240 -396 860 ) (240 -396 844 ) 
4 131 142 (240 -616 860 ) (208 -616 860 ) (208 -616 828 ) (240 -616 828 ) 
4 131 134 (208 -616 828 ) (208 -616 860 ) (208 -396 860 ) (208 -396 828 ) 
4 132 142 (240 -616 768 ) (272 -616 768 ) (272 -616 816 ) (240 -616 816 ) 
4 132 133 (240 -396 768 ) (240 -616 768 ) (240 -616 800 ) (240 -396 800 ) 
4 132 137 (272 -396 768 ) (272 -616 768 ) (240 -616 768 ) (240 -396 768 ) 
4 133 142 (208 -616 768 ) (240 -616 768 ) (240 -616 800 ) (208 -616 800 ) 
4 133 135 (208 -396 768 ) (208 -616 768 ) (208 -616 784 ) (208 -396 784 ) 
4 133 137 (240 -616 768 ) (208 -616 768 ) (208 -396 768 ) (240 -396 768 ) 
4 134 142 (208 -616 812 ) (208 -616 860 ) (176 -616 860 ) (176 -616 812 ) 
4 134 136 (176 -396 860 ) (176 -396 812 ) (176 -616 812 ) (176 -616 860 ) 
4 135 142 (176 -616 768 ) (208 -616 768 ) (208 -616 784 ) (176 -616 784 ) 
4 135 137 (208 -616 768 ) (176 -616 768 ) (176 -396 768 ) (208 -396 768 ) 
4 136 180 (-40 -616 796 ) (-40 -616 860 ) (-40 -396 860 ) (-40 -396 796 ) 
4 136 143 (-40 -616 860 ) (-40 -616 796 ) (152 -616 796 ) (152 -616 860 ) 
4 136 142 (152 -616 796 ) (176 -616 796 ) (176 -616 860 ) (152 -616 860 ) 
4 137 187 (-40 0 768 ) (-40 0 508 ) (-40 -616 508 ) (-40 -616 768 ) 
4 137 146 (272 -336 508 ) (272 -432 508 ) (120 -432 508 ) (120 -336 508 ) 
4 137 145 (120 0 508 ) (272 0 508 ) (272 -336 508 ) (120 -336 508 ) 
4 137 150 (272 -432 508 ) (272 -616 508 ) (120 -616 508 ) (120 -432 508 ) 
4 137 144 (-40 -616 768 ) (-40 -616 508 ) (152 -616 508 ) (152 -616 768 ) 
4 137 142 (152 -616 508 ) (272 -616 508 ) (272 -616 768 ) (152 -616 768 ) 
4 138 192 (-40 -616 1244 ) (-40 -616 1216 ) (-40 -1024 1216 ) (-40 -1024 1244 ) 
4 138 141 (928 -1024 1244 ) (-40 -1024 1244 ) (-40 -1024 1216 ) (928 -1024 1216 ) 
4 138 139 (928 -616 1216 ) (960 -616 1216 ) (960 -1024 1216 ) (928 -1024 1216 ) 
4 140 193 (-40 -616 1216 ) (-40 -616 1088 ) (-40 -1024 1088 ) (-40 -1024 1216 ) 
4 140 143 (-40 -992 1088 ) (-40 -616 1088 ) (152 -616 1088 ) (152 -992 1088 ) 
4 140 142 (152 -616 1088 ) (884 -616 1088 ) (884 -992 1088 ) (152 -992 1088 ) 
4 141 195 (-40 -1056 1244 ) (-40 -1024 1244 ) (-40 -1024 1088 ) (-40 -1056 1088 ) 
4 142 150 (152 -988 508 ) (152 -616 508 ) (884 -616 508 ) (884 -988 508 ) 
4 142 165 (152 -992 508 ) (152 -988 508 ) (884 -988 508 ) (884 -992 508 ) 
4 142 144 (152 -616 768 ) (152 -616 508 ) (152 -992 508 ) (152 -992 768 ) 
4 142 143 (152 -992 1088 ) (152 -616 1088 ) (152 -616 796 ) (152 -992 796 ) 
4 143 196 (-40 -992 1088 ) (-40 -616 1088 ) (-40 -616 796 ) (-40 -992 796 ) 
4 144 197 (-40 -616 508 ) (-40 -992 508 ) (-40 -992 768 ) (-40 -616 768 ) 
4 144 150 (120 -616 508 ) (152 -616 508 ) (152 -988 508 ) (120 -988 508 ) 
4 144 165 (-40 -992 508 ) (-40 -988 508 ) (152 -988 508 ) (152 -992 508 ) 
4 145 152 (120 0 480 ) (884 0 480 ) (884 -336 480 ) (120 -336 480 ) 
4 145 151 (120 0 492 ) (120 0 480 ) (120 -336 480 ) (120 -336 492 ) 
4 145 148 (120 -336 484 ) (120 -336 480 ) (884 -336 480 ) (884 -336 484 ) 
4 145 147 (140 -336 484 ) (884 -336 484 ) (884 -336 496 ) (140 -336 496 ) 
4 145 146 (120 -336 508 ) (120 -336 496 ) (884 -336 496 ) (884 -336 508 ) 
4 146 147 (884 -432 496 ) (140 -432 496 ) (140 -336 496 ) (884 -336 496 ) 
4 146 150 (884 -432 496 ) (884 -432 508 ) (120 -432 508 ) (120 -432 496 ) 
4 147 149 (884 -424 484 ) (884 -432 484 ) (140 -432 484 ) (140 -424 484 ) 
4 147 148 (140 -336 484 ) (884 -336 484 ) (884 -344 484 ) (140 -344 484 ) 
4 147 150 (884 -432 484 ) (884 -432 496 ) (140 -432 496 ) (140 -432 484 ) 
4 148 152 (884 -336 480 ) (884 -344 480 ) (120 -344 480 ) (120 -336 480 ) 
4 148 151 (120 -336 480 ) (120 -344 480 ) (120 -344 484 ) (120 -336 484 ) 
4 149 163 (880 -432 480 ) (120 -432 480 ) (120 -424 480 ) (880 -424 480 ) 
4 149 154 (884 -424 480 ) (884 -432 480 ) (880 -432 480 ) (880 -424 480 ) 
4 149 151 (120 -424 480 ) (120 -432 480 ) (120 -432 484 ) (120 -424 484 ) 
4 149 150 (120 -432 480 ) (884 -432 480 ) (884 -432 484 ) (120 -432 484 ) 
4 150 163 (880 -988 480 ) (120 -988 480 ) (120 -432 480 ) (880 -432 480 ) 
4 150 154 (884 -432 480 ) (884 -988 480 ) (880 -988 480 ) (880 -432 480 ) 
4 150 151 (120 -432 480 ) (120 -988 480 ) (120 -988 492 ) (120 -432 492 ) 
4 150 165 (120 -988 480 ) (884 -988 480 ) (884 -988 508 ) (120 -988 508 ) 
4 151 199 (-40 0 492 ) (-40 0 480 ) (-40 -988 480 ) (-40 -988 492 ) 
4 151 164 (-40 -988 480 ) (-40 -348 480 ) (64 -348 480 ) (64 -988 480 ) 
4 151 162 (116 -424 480 ) (64 -424 480 ) (64 -420 480 ) (116 -420 480 ) 
4 151 161 (64 -348 480 ) (120 -348 480 ) (120 -420 480 ) (64 -420 480 ) 
4 151 163 (120 -424 480 ) (120 -988 480 ) (64 -988 480 ) (64 -424 480 ) 
4 151 156 (-40 -348 480 ) (-40 -344 480 ) (116 -344 480 ) (116 -348 480 ) 
4 151 153 (-40 -344 480 ) (-40 0 480 ) (64 0 480 ) (64 -344 480 ) 
4 151 152 (64 0 480 ) (120 0 480 ) (120 -344 480 ) (64 -344 480 ) 
4 151 165 (-40 -988 492 ) (-40 -988 480 ) (120 -988 480 ) (120 -988 492 ) 
4 152 168 (884 -16 356 ) (884 -344 356 ) (64 -344 356 ) (64 -16 356 ) 
4 152 167 (64 0 356 ) (880 0 356 ) (880 -16 356 ) (64 -16 356 ) 
4 152 166 (880 0 356 ) (884 0 356 ) (884 -16 356 ) (880 -16 356 ) 
4 152 156 (116 -344 480 ) (64 -344 480 ) (64 -344 372 ) (116 -344 372 ) 
4 152 155 (880 -344 480 ) (120 -344 480 ) (120 -344 372 ) (880 -344 372 ) 
4 152 154 (884 -344 356 ) (884 -344 480 ) (880 -344 480 ) (880 -344 356 ) 
4 152 153 (64 0 480 ) (64 0 372 ) (64 -344 372 ) (64 -344 480 ) 
4 153 206 (-40 0 480 ) (-40 0 372 ) (-40 -344 372 ) (-40 -344 480 ) 
4 153 156 (64 -344 480 ) (-40 -344 480 ) (-40 -344 372 ) (64 -344 372 ) 
4 154 168 (880 -344 356 ) (884 -344 356 ) (884 -988 356 ) (880 -988 356 ) 
4 154 159 (880 -424 372 ) (880 -424 472 ) (880 -420 472 ) (880 -420 372 ) 
4 154 158 (880 -356 380 ) (880 -412 380 ) (880 -412 464 ) (880 -356 464 ) 
4 154 157 (880 -424 472 ) (880 -424 480 ) (880 -348 480 ) (880 -348 472 ) 
4 154 163 (880 -424 356 ) (880 -988 356 ) (880 -988 480 ) (880 -424 480 ) 
4 154 155 (880 -344 480 ) (880 -344 372 ) (880 -348 372 ) (880 -348 480 ) 
4 154 165 (880 -988 356 ) (884 -988 356 ) (884 -988 480 ) (880 -988 480 ) 
4 155 157 (880 -348 480 ) (864 -348 480 ) (864 -348 472 ) (880 -348 472 ) 
4 155 160 (864 -348 480 ) (120 -348 480 ) (120 -348 372 ) (864 -348 372 ) 
4 156 207 (-40 -348 372 ) (-40 -348 480 ) (-40 -344 480 ) (-40 -344 372 ) 
4 156 164 (64 -348 480 ) (-40 -348 480 ) (-40 -348 372 ) (64 -348 372 ) 
4 156 161 (116 -348 480 ) (64 -348 480 ) (64 -348 372 ) (116 -348 372 ) 
4 157 159 (880 -424 472 ) (864 -424 472 ) (864 -420 472 ) (880 -420 472 ) 
4 157 160 (864 -348 480 ) (864 -348 472 ) (864 -424 472 ) (864 -424 480 ) 
4 157 163 (880 -424 472 ) (880 -424 480 ) (864 -424 480 ) (864 -424 472 ) 
4 158 160 (864 -356 380 ) (864 -412 380 ) (864 -412 464 ) (864 -356 464 ) 
4 159 160 (864 -420 372 ) (864 -424 372 ) (864 -424 472 ) (864 -420 472 ) 
4 159 163 (880 -424 372 ) (880 -424 472 ) (864 -424 472 ) (864 -424 372 ) 
4 160 161 (120 -420 480 ) (120 -348 480 ) (120 -348 372 ) (120 -420 372 ) 
4 160 163 (864 -424 480 ) (120 -424 480 ) (120 -424 372 ) (864 -424 372 ) 
4 161 164 (64 -348 480 ) (64 -348 372 ) (64 -420 372 ) (64 -420 480 ) 
4 161 162 (64 -420 480 ) (64 -420 372 ) (116 -420 372 ) (116 -420 480 ) 
4 162 164 (64 -420 372 ) (64 -424 372 ) (64 -424 480 ) (64 -420 480 ) 
4 162 163 (116 -424 480 ) (64 -424 480 ) (64 -424 372 ) (116 -424 372 ) 
4 163 168 (880 -424 356 ) (880 -988 356 ) (64 -988 356 ) (64 -424 356 ) 
4 163 164 (64 -988 372 ) (64 -988 480 ) (64 -424 480 ) (64 -424 372 ) 
4 163 165 (64 -988 356 ) (880 -988 356 ) (880 -988 480 ) (64 -988 480 ) 
4 164 209 (-40 -424 480 ) (-40 -420 480 ) (-40 -420 372 ) (-40 -424 372 ) 
4 164 208 (-40 -420 480 ) (-40 -348 480 ) (-40 -348 372 ) (-40 -420 372 ) 
4 164 216 (-40 -988 372 ) (-40 -988 480 ) (-40 -424 480 ) (-40 -424 372 ) 
4 164 165 (-40 -988 480 ) (-40 -988 372 ) (64 -988 372 ) (64 -988 480 ) 
4 165 217 (-40 -988 356 ) (-40 -992 356 ) (-40 -992 508 ) (-40 -988 508 ) 
4 165 175 (0 -992 356 ) (-40 -992 356 ) (-40 -988 356 ) (0 -988 356 ) 
4 165 168 (884 -992 356 ) (0 -992 356 ) (0 -988 356 ) (884 -988 356 ) 
4 166 173 (884 -16 16 ) (884 -16 24 ) (880 -16 24 ) (880 -16 16 ) 
4 166 170 (884 -16 24 ) (884 -16 48 ) (880 -16 48 ) (880 -16 24 ) 
4 166 169 (884 -16 48 ) (884 -16 96 ) (880 -16 96 ) (880 -16 48 ) 
4 166 168 (884 -16 96 ) (884 -16 356 ) (880 -16 356 ) (880 -16 96 ) 
4 166 167 (880 0 356 ) (880 0 100 ) (880 -16 100 ) (880 -16 356 ) 
4 167 218 (-40 0 356 ) (-40 0 100 ) (-40 -16 100 ) (-40 -16 356 ) 
4 167 174 (0 -16 356 ) (-40 -16 356 ) (-40 -16 100 ) (0 -16 100 ) 
4 167 168 (880 -16 100 ) (880 -16 356 ) (0 -16 356 ) (0 -16 100 ) 
4 168 175 (0 -32 96 ) (0 -992 96 ) (0 -992 356 ) (0 -32 356 ) 
4 168 174 (0 -16 356 ) (0 -16 96 ) (0 -32 96 ) (0 -32 356 ) 
5 168 169 (16 -16 96 ) (884 -16 96 ) (884 -992 96 ) (0 -992 96 ) (0 -32 96 ) 
4 169 175 (0 -992 88 ) (0 -992 96 ) (0 -32 96 ) (0 -32 88 ) 
5 169 171 (0 -988 48 ) (0 -32 48 ) (16 -16 48 ) (880 -16 48 ) (880 -988 48 ) 
4 169 170 (880 -16 48 ) (884 -16 48 ) (884 -988 48 ) (880 -988 48 ) 
4 169 172 (884 -992 48 ) (0 -992 48 ) (0 -988 48 ) (884 -988 48 ) 
4 170 173 (880 -16 24 ) (884 -16 24 ) (884 -988 24 ) (880 -988 24 ) 
4 170 171 (880 -16 24 ) (880 -988 24 ) (880 -988 48 ) (880 -16 48 ) 
4 170 172 (880 -988 24 ) (884 -988 24 ) (884 -988 48 ) (880 -988 48 ) 
5 171 173 (16 -16 24 ) (880 -16 24 ) (880 -988 24 ) (0 -988 24 ) (0 -32 24 ) 
4 171 172 (0 -988 48 ) (0 -988 24 ) (880 -988 24 ) (880 -988 48 ) 
4 172 173 (884 -988 24 ) (884 -992 24 ) (0 -992 24 ) (0 -988 24 ) 
4 174 219 (-40 -32 96 ) (-40 -32 356 ) (-40 -16 356 ) (-40 -16 96 ) 
4 174 175 (0 -32 96 ) (0 -32 356 ) (-40 -32 356 ) (-40 -32 96 ) 
4 175 220 (-40 -992 88 ) (-40 -992 356 ) (-40 -32 356 ) (-40 -32 88 ) 
4 176 192 (-40 -616 1216 ) (-40 -616 1244 ) (-1008 -616 1244 ) (-1008 -616 1216 ) 
4 176 191 (-1008 -616 1216 ) (-1008 -616 1244 ) (-1008 0 1244 ) (-1008 0 1216 ) 
4 177 193 (-40 -616 1088 ) (-40 -616 1216 ) (-1008 -616 1216 ) (-1008 -616 1088 ) 
4 177 189 (-188 -616 1088 ) (-980 -616 1088 ) (-980 -396 1088 ) (-188 -396 1088 ) 
4 177 188 (-980 -396 1088 ) (-980 0 1088 ) (-188 0 1088 ) (-188 -396 1088 ) 
4 177 184 (-156 -616 1088 ) (-188 -616 1088 ) (-188 -396 1088 ) (-156 -396 1088 ) 
4 177 183 (-124 -616 1088 ) (-156 -616 1088 ) (-156 -396 1088 ) (-124 -396 1088 ) 
4 177 181 (-92 -616 1088 ) (-124 -616 1088 ) (-124 -396 1088 ) (-92 -396 1088 ) 
4 177 180 (-40 -616 1088 ) (-92 -616 1088 ) (-92 -396 1088 ) (-40 -396 1088 ) 
4 177 178 (-100 0 1088 ) (-40 0 1088 ) (-40 -396 1088 ) (-100 -396 1088 ) 
4 177 179 (-188 -396 1088 ) (-188 0 1088 ) (-100 0 1088 ) (-100 -396 1088 ) 
4 178 181 (-92 -396 1088 ) (-100 -396 1088 ) (-100 -396 812 ) (-92 -396 812 ) 
4 178 180 (-40 -396 796 ) (-40 -396 1088 ) (-92 -396 1088 ) (-92 -396 796 ) 
4 178 179 (-100 0 1088 ) (-100 0 796 ) (-100 -396 796 ) (-100 -396 1088 ) 
4 179 188 (-188 -396 1088 ) (-188 0 1088 ) (-188 0 768 ) (-188 -396 768 ) 
4 179 186 (-188 -396 816 ) (-188 -396 768 ) (-156 -396 768 ) (-156 -396 816 ) 
4 179 185 (-156 -396 768 ) (-124 -396 768 ) (-124 -396 800 ) (-156 -396 800 ) 
4 179 184 (-188 -396 1088 ) (-188 -396 844 ) (-156 -396 844 ) (-156 -396 1088 ) 
4 179 183 (-156 -396 828 ) (-124 -396 828 ) (-124 -396 1088 ) (-156 -396 1088 ) 
4 179 182 (-124 -396 768 ) (-100 -396 768 ) (-100 -396 784 ) (-124 -396 784 ) 
4 179 181 (-100 -396 812 ) (-100 -396 1088 ) (-124 -396 1088 ) (-124 -396 812 ) 
4 179 187 (-188 -396 768 ) (-188 0 768 ) (-100 0 768 ) (-100 -396 768 ) 
4 180 196 (-40 -616 796 ) (-40 -616 1088 ) (-92 -616 1088 ) (-92 -616 796 ) 
4 180 181 (-92 -616 812 ) (-92 -616 1088 ) (-92 -396 1088 ) (-92 -396 812 ) 
4 181 198 (-100 -616 1088 ) (-124 -616 1088 ) (-124 -616 812 ) (-100 -616 812 ) 
4 181 196 (-92 -616 1088 ) (-100 -616 1088 ) (-100 -616 812 ) (-92 -616 812 ) 
4 181 183 (-124 -396 1088 ) (-124 -396 828 ) (-124 -616 828 ) (-124 -616 1088 ) 
4 182 198 (-124 -616 784 ) (-124 -616 768 ) (-100 -616 768 ) (-100 -616 784 ) 
4 182 185 (-124 -396 784 ) (-124 -396 768 ) (-124 -616 768 ) (-124 -616 784 ) 
4 182 187 (-100 -616 768 ) (-124 -616 768 ) (-124 -396 768 ) (-100 -396 768 ) 
4 183 198 (-124 -616 1088 ) (-156 -616 1088 ) (-156 -616 828 ) (-124 -616 828 ) 
4 183 184 (-156 -396 1088 ) (-156 -396 844 ) (-156 -616 844 ) (-156 -616 1088 ) 
4 184 198 (-156 -616 1088 ) (-188 -616 1088 ) (-188 -616 844 ) (-156 -616 844 ) 
4 184 189 (-188 -616 860 ) (-188 -616 1088 ) (-188 -396 1088 ) (-188 -396 860 ) 
4 185 198 (-156 -616 768 ) (-124 -616 768 ) (-124 -616 800 ) (-156 -616 800 ) 
4 185 186 (-156 -396 800 ) (-156 -396 768 ) (-156 -616 768 ) (-156 -616 800 ) 
4 185 187 (-124 -616 768 ) (-156 -616 768 ) (-156 -396 768 ) (-124 -396 768 ) 
4 186 198 (-188 -616 816 ) (-188 -616 768 ) (-156 -616 768 ) (-156 -616 816 ) 
4 186 190 (-188 -616 768 ) (-188 -616 816 ) (-188 -396 816 ) (-188 -396 768 ) 
4 186 187 (-156 -616 768 ) (-188 -616 768 ) (-188 -396 768 ) (-156 -396 768 ) 
4 187 204 (-188 -424 508 ) (-188 -344 508 ) (-128 -344 508 ) (-128 -424 508 ) 
4 187 203 (-188 -344 508 ) (-188 0 508 ) (-128 0 508 ) (-128 -344 508 ) 
4 187 205 (-128 -616 508 ) (-188 -616 508 ) (-188 -424 508 ) (-128 -424 508 ) 
4 187 201 (-128 -432 508 ) (-128 -336 508 ) (-100 -336 508 ) (-100 -432 508 ) 
4 187 200 (-128 -336 508 ) (-128 0 508 ) (-100 0 508 ) (-100 -336 508 ) 
4 187 202 (-100 -616 508 ) (-128 -616 508 ) (-128 -432 508 ) (-100 -432 508 ) 
4 187 198 (-188 -616 508 ) (-100 -616 508 ) (-100 -616 768 ) (-188 -616 768 ) 
4 187 197 (-100 -616 508 ) (-40 -616 508 ) (-40 -616 768 ) (-100 -616 768 ) 
4 187 190 (-188 -396 508 ) (-188 -616 508 ) (-188 -616 768 ) (-188 -396 768 ) 
4 187 188 (-188 0 508 ) (-188 -396 508 ) (-188 -396 768 ) (-188 0 768 ) 
4 188 204 (-980 -396 508 ) (-980 -344 508 ) (-188 -344 508 ) (-188 -396 508 ) 
4 188 203 (-980 -344 508 ) (-980 0 508 ) (-188 0 508 ) (-188 -344 508 ) 
4 188 189 (-188 -396 860 ) (-188 -396 1088 ) (-980 -396 1088 ) (-980 -396 860 ) 
4 188 190 (-980 -396 508 ) (-188 -396 508 ) (-188 -396 832 ) (-980 -396 832 ) 
4 189 198 (-188 -616 860 ) (-188 -616 1088 ) (-980 -616 1088 ) (-980 -616 860 ) 
4 190 204 (-980 -424 508 ) (-980 -396 508 ) (-188 -396 508 ) (-188 -424 508 ) 
4 190 205 (-188 -616 508 ) (-980 -616 508 ) (-980 -424 508 ) (-188 -424 508 ) 
4 190 198 (-980 -616 508 ) (-188 -616 508 ) (-188 -616 832 ) (-980 -616 832 ) 
4 191 194 (-1040 -616 1088 ) (-1008 -616 1088 ) (-1008 -616 1244 ) (-1040 -616 1244 ) 
4 192 195 (-40 -1024 1216 ) (-40 -1024 1244 ) (-1008 -1024 1244 ) (-1008 -1024 1216 ) 
4 192 194 (-1008 -1024 1216 ) (-1008 -1024 1244 ) (-1008 -616 1244 ) (-1008 -616 1216 ) 
4 193 198 (-980 -616 1088 ) (-100 -616 1088 ) (-100 -992 1088 ) (-980 -992 1088 ) 
4 193 196 (-100 -616 1088 ) (-40 -616 1088 ) (-40 -992 1088 ) (-100 -992 1088 ) 
4 194 195 (-1040 -1024 1244 ) (-1040 -1024 1088 ) (-1008 -1024 1088 ) (-1008 -1024 1244 ) 
4 196 198 (-100 -992 1088 ) (-100 -616 1088 ) (-100 -616 796 ) (-100 -992 796 ) 
4 197 217 (-40 -988 508 ) (-40 -992 508 ) (-100 -992 508 ) (-100 -988 508 ) 
4 197 198 (-100 -616 768 ) (-100 -616 508 ) (-100 -992 508 ) (-100 -992 768 ) 
4 198 205 (-980 -988 508 ) (-980 -616 508 ) (-128 -616 508 ) (-128 -988 508 ) 
4 198 202 (-128 -616 508 ) (-100 -616 508 ) (-100 -988 508 ) (-128 -988 508 ) 
4 198 217 (-980 -992 508 ) (-980 -988 508 ) (-100 -988 508 ) (-100 -992 508 ) 
4 199 209 (-40 -420 480 ) (-40 -424 480 ) (-96 -424 480 ) (-96 -420 480 ) 
4 199 208 (-40 -348 480 ) (-40 -420 480 ) (-100 -420 480 ) (-100 -348 480 ) 
4 199 207 (-40 -344 480 ) (-40 -348 480 ) (-96 -348 480 ) (-96 -344 480 ) 
4 199 206 (-100 0 480 ) (-40 0 480 ) (-40 -344 480 ) (-100 -344 480 ) 
4 199 216 (-40 -424 480 ) (-40 -988 480 ) (-100 -988 480 ) (-100 -424 480 ) 
4 199 200 (-100 0 480 ) (-100 -336 480 ) (-100 -336 492 ) (-100 0 492 ) 
4 199 202 (-100 -432 480 ) (-100 -988 480 ) (-100 -988 492 ) (-100 -432 492 ) 
4 199 217 (-100 -988 480 ) (-40 -988 480 ) (-40 -988 492 ) (-100 -988 492 ) 
4 200 206 (-128 0 480 ) (-100 0 480 ) (-100 -336 480 ) (-128 -336 480 ) 
4 200 203 (-128 0 508 ) (-128 0 480 ) (-128 -336 480 ) (-128 -336 508 ) 
4 200 201 (-100 -336 496 ) (-100 -336 508 ) (-128 -336 508 ) (-128 -336 496 ) 
4 201 204 (-128 -424 508 ) (-128 -344 508 ) (-128 -344 496 ) (-128 -424 496 ) 
4 201 203 (-128 -344 508 ) (-128 -336 508 ) (-128 -336 496 ) (-128 -344 496 ) 
4 201 205 (-128 -432 496 ) (-128 -432 508 ) (-128 -424 508 ) (-128 -424 496 ) 
4 201 202 (-128 -432 508 ) (-128 -432 496 ) (-100 -432 496 ) (-100 -432 508 ) 
4 202 216 (-100 -432 480 ) (-100 -988 480 ) (-128 -988 480 ) (-128 -432 480 ) 
4 202 205 (-128 -432 480 ) (-128 -988 480 ) (-128 -988 508 ) (-128 -432 508 ) 
4 202 217 (-128 -988 480 ) (-100 -988 480 ) (-100 -988 508 ) (-128 -988 508 ) 
4 203 206 (-976 0 480 ) (-128 0 480 ) (-128 -344 480 ) (-976 -344 480 ) 
4 203 215 (-980 -344 480 ) (-980 0 480 ) (-976 0 480 ) (-976 -344 480 ) 
4 203 204 (-980 -344 508 ) (-980 -344 484 ) (-128 -344 484 ) (-128 -344 508 ) 
4 204 205 (-128 -424 484 ) (-128 -424 508 ) (-980 -424 508 ) (-980 -424 484 ) 
4 205 216 (-980 -988 480 ) (-980 -424 480 ) (-128 -424 480 ) (-128 -988 480 ) 
4 205 217 (-980 -988 508 ) (-980 -988 480 ) (-128 -988 480 ) (-128 -988 508 ) 
4 206 221 (-96 -344 356 ) (-976 -344 356 ) (-976 -16 356 ) (-96 -16 356 ) 
4 206 220 (-40 -32 356 ) (-40 -344 356 ) (-96 -344 356 ) (-96 -32 356 ) 
4 206 219 (-40 -16 356 ) (-40 -32 356 ) (-96 -32 356 ) (-96 -16 356 ) 
4 206 218 (-976 0 356 ) (-40 0 356 ) (-40 -16 356 ) (-976 -16 356 ) 
4 206 212 (-976 -344 472 ) (-976 -344 372 ) (-960 -344 372 ) (-960 -344 472 ) 
4 206 211 (-960 -344 480 ) (-976 -344 480 ) (-976 -344 472 ) (-960 -344 472 ) 
4 206 210 (-100 -344 480 ) (-960 -344 480 ) (-960 -344 372 ) (-100 -344 372 ) 
4 206 207 (-40 -344 372 ) (-40 -344 480 ) (-96 -344 480 ) (-96 -344 372 ) 
4 206 215 (-976 0 480 ) (-976 0 356 ) (-976 -344 356 ) (-976 -344 480 ) 
4 207 208 (-96 -348 372 ) (-40 -348 372 ) (-40 -348 480 ) (-96 -348 480 ) 
4 208 210 (-100 -348 372 ) (-100 -420 372 ) (-100 -420 480 ) (-100 -348 480 ) 
4 208 209 (-96 -420 372 ) (-40 -420 372 ) (-40 -420 480 ) (-96 -420 480 ) 
4 209 216 (-40 -424 372 ) (-40 -424 480 ) (-96 -424 480 ) (-96 -424 372 ) 
4 210 214 (-960 -420 372 ) (-960 -424 372 ) (-960 -424 472 ) (-960 -420 472 ) 
4 210 213 (-960 -412 380 ) (-960 -412 464 ) (-960 -356 464 ) (-960 -356 380 ) 
4 210 212 (-960 -344 372 ) (-960 -348 372 ) (-960 -348 472 ) (-960 -344 472 ) 
4 210 211 (-960 -424 472 ) (-960 -424 480 ) (-960 -344 480 ) (-960 -344 472 ) 
4 210 216 (-100 -424 480 ) (-960 -424 480 ) (-960 -424 372 ) (-100 -424 372 ) 
4 211 214 (-960 -424 472 ) (-976 -424 472 ) (-976 -420 472 ) (-960 -420 472 ) 
4 211 212 (-976 -348 472 ) (-976 -344 472 ) (-960 -344 472 ) (-960 -348 472 ) 
4 211 215 (-976 -424 472 ) (-976 -424 480 ) (-976 -344 480 ) (-976 -344 472 ) 
4 211 216 (-960 -424 480 ) (-976 -424 480 ) (-976 -424 472 ) (-960 -424 472 ) 
4 212 215 (-976 -348 472 ) (-976 -344 472 ) (-976 -344 372 ) (-976 -348 372 ) 
4 213 215 (-976 -356 464 ) (-976 -356 380 ) (-976 -412 380 ) (-976 -412 464 ) 
4 214 215 (-976 -424 372 ) (-976 -424 472 ) (-976 -420 472 ) (-976 -420 372 ) 
4 214 216 (-976 -424 472 ) (-976 -424 372 ) (-960 -424 372 ) (-960 -424 472 ) 
4 215 221 (-980 -424 356 ) (-980 -16 356 ) (-976 -16 356 ) (-976 -424 356 ) 
4 215 218 (-980 -16 356 ) (-980 0 356 ) (-976 0 356 ) (-976 -16 356 ) 
4 215 216 (-976 -424 480 ) (-980 -424 480 ) (-980 -424 356 ) (-976 -424 356 ) 
4 216 221 (-980 -988 356 ) (-980 -424 356 ) (-96 -424 356 ) (-96 -988 356 ) 
4 216 220 (-96 -424 356 ) (-40 -424 356 ) (-40 -988 356 ) (-96 -988 356 ) 
4 216 217 (-980 -988 480 ) (-980 -988 356 ) (-40 -988 356 ) (-40 -988 480 ) 
4 217 221 (-96 -992 356 ) (-980 -992 356 ) (-980 -988 356 ) (-96 -988 356 ) 
4 217 220 (-40 -992 356 ) (-96 -992 356 ) (-96 -988 356 ) (-40 -988 356 ) 
4 218 221 (-96 -16 356 ) (-980 -16 356 ) (-980 -16 100 ) (-96 -16 100 ) 
4 218 219 (-40 -16 100 ) (-40 -16 356 ) (-96 -16 356 ) (-96 -16 100 ) 
4 219 221 (-96 -16 356 ) (-96 -16 96 ) (-96 -32 96 ) (-96 -32 356 ) 
4 219 220 (-40 -32 96 ) (-40 -32 356 ) (-96 -32 356 ) (-96 -32 96 ) 
4 220 222 (-96 -992 88 ) (-96 -992 96 ) (-96 -32 96 ) (-96 -32 88 ) 
4 220 221 (-96 -992 96 ) (-96 -992 356 ) (-96 -32 356 ) (-96 -32 96 ) 
5 221 222 (-980 -992 96 ) (-980 -16 96 ) (-112 -16 96 ) (-96 -32 96 ) (-96 -992 96 ) 
5 222 223 (-980 -988 48 ) (-980 -16 48 ) (-112 -16 48 ) (-96 -32 48 ) (-96 -988 48 ) 
4 222 224 (-96 -992 48 ) (-980 -992 48 ) (-980 -988 48 ) (-96 -988 48 ) 
5 223 225 (-980 -988 24 ) (-980 -16 24 ) (-112 -16 24 ) (-96 -32 24 ) (-96 -988 24 ) 
4 223 224 (-980 -988 48 ) (-980 -988 24 ) (-96 -988 24 ) (-96 -988 48 ) 
4 224 225 (-980 -992 24 ) (-980 -988 24 ) (-96 -988 24 ) (-96 -992 24 ) 
