---- vis / ericw-tools v0.18.1-32-g6660c5f ----
running with 32 threads
testlevel = 4
LoadBSPFile: 'cube_dm.bsp'
BSP is version 29
    75 leafs
   245 portals
Calculating Base Vis:
0....1....2....3....4....5....6....7....8....9....
Calculating Full Vis:
0....1....2....3....4....5....6....7....8....9....
WARNING: Leaf portals saw into leaf (0)
WARNING: Leaf portals saw into leaf (1)
WARNING: Leaf portals saw into leaf (2)
WARNING: Leaf portals saw into leaf (3)
WARNING: Leaf portals saw into leaf (5)
WARNING: Leaf portals saw into leaf (6)
WARNING: Leaf portals saw into leaf (7)
WARNING: Leaf portals saw into leaf (12)
WARNING: Leaf portals saw into leaf (13)
WARNING: Leaf portals saw into leaf (14)
WARNING: Leaf portals saw into leaf (15)
WARNING: Leaf portals saw into leaf (17)
WARNING: Leaf portals saw into leaf (20)
WARNING: Leaf portals saw into leaf (21)
WARNING: Leaf portals saw into leaf (26)
WARNING: Leaf portals saw into leaf (28)
WARNING: Leaf portals saw into leaf (29)
WARNING: Leaf portals saw into leaf (31)
WARNING: Leaf portals saw into leaf (32)
WARNING: Leaf portals saw into leaf (33)
WARNING: Leaf portals saw into leaf (37)
WARNING: Leaf portals saw into leaf (39)
WARNING: Leaf portals saw into leaf (40)
WARNING: Leaf portals saw into leaf (45)
WARNING: Leaf portals saw into leaf (47)
WARNING: Leaf portals saw into leaf (48)
WARNING: Leaf portals saw into leaf (49)
WARNING: Leaf portals saw into leaf (51)
WARNING: Leaf portals saw into leaf (52)
WARNING: Leaf portals saw into leaf (53)
WARNING: Leaf portals saw into leaf (56)
WARNING: Leaf portals saw into leaf (57)
WARNING: Leaf portals saw into leaf (58)
WARNING: Leaf portals saw into leaf (60)
WARNING: Leaf portals saw into leaf (68)
WARNING: Leaf portals saw into leaf (69)
WARNING: Leaf portals saw into leaf (70)
WARNING: Leaf portals saw into leaf (71)
WARNING: Leaf portals saw into leaf (72)
WARNING: Leaf portals saw into leaf (73)
WARNING: Leaf portals saw into leaf (74)
average leafs visible: 74
c_noclip: 0
c_chains: 74684
visdatasize:750  compressed from 750
Writing cube_dm.bsp as BSP version 29
  0.1 seconds elapsed
